#
# There is insufficient memory for the Java Runtime Environment to continue.
# Native memory allocation (malloc) failed to allocate 623776 bytes for Chunk::new
# Possible reasons:
#   The system is out of physical RAM or swap space
#   The process is running with CompressedOops enabled, and the Java Heap may be blocking the growth of the native heap
# Possible solutions:
#   Reduce memory load on the system
#   Increase physical memory or swap space
#   Check if swap backing store is full
#   Decrease Java heap size (-Xmx/-Xms)
#   Decrease number of Java threads
#   Decrease Java thread stack sizes (-Xss)
#   Set larger code cache with -XX:ReservedCodeCacheSize=
#   JVM is running with Unscaled Compressed Oops mode in which the Java heap is
#     placed in the first 4GB address space. The Java Heap base address is the
#     maximum limit for the native heap growth. Please use -XX:HeapBaseMinAddress
#     to set the Java Heap base and to place the Java Heap above 4GB virtual address.
# This output file may be truncated or incomplete.
#
#  Out of Memory Error (arena.cpp:191), pid=14056, tid=20324
#
# JRE version: OpenJDK Runtime Environment Temurin-17.0.10+7 (17.0.10+7) (build 17.0.10+7)
# Java VM: OpenJDK 64-Bit Server VM Temurin-17.0.10+7 (17.0.10+7, mixed mode, tiered, compressed oops, compressed class ptrs, parallel gc, windows-amd64)
# No core dump will be written. Minidumps are not enabled by default on client versions of Windows
#

---------------  S U M M A R Y ------------

Command Line: --add-modules=ALL-SYSTEM --add-opens=java.base/java.util=ALL-UNNAMED --add-opens=java.base/java.lang=ALL-UNNAMED --add-opens=java.base/sun.nio.fs=ALL-UNNAMED -Declipse.application=org.eclipse.jdt.ls.core.id1 -Dosgi.bundles.defaultStartLevel=4 -Declipse.product=org.eclipse.jdt.ls.core.product -Djava.import.generatesMetadataFilesAtProjectRoot=false -DDetectVMInstallationsJob.disabled=true -Dfile.encoding=utf8 -XX:+UseParallelGC -XX:GCTimeRatio=4 -XX:AdaptiveSizePolicyWeight=90 -Dsun.zip.disableMemoryMapping=true -Xmx1G -Xms100m -Xlog:disable -javaagent:c:\Users\Leevi\.vscode\extensions\redhat.java-1.28.1-win32-x64\lombok\lombok-1.18.31.jar c:\Users\Leevi\.vscode\extensions\redhat.java-1.28.1-win32-x64\server\plugins\org.eclipse.equinox.launcher_1.6.700.v20231214-2017.jar -configuration c:\Users\Leevi\AppData\Roaming\Code\User\globalStorage\redhat.java\1.28.1\config_ss_win -data c:\Users\Leevi\AppData\Roaming\Code\User\workspaceStorage\f5bfd02e44ec00a35949257da3e972b3\redhat.java\ss_ws --stdio

Host: AMD Ryzen 5 2500U with Radeon Vega Mobile Gfx  , 8 cores, 6G,  Windows 10 , 64 bit Build 19041 (10.0.19041.3636)
Time: Mon Mar 25 12:03:22 2024 FLE Standard Time elapsed time: 7.904771 seconds (0d 0h 0m 7s)

---------------  T H R E A D  ---------------

Current thread (0x000002d1ce169cf0):  JavaThread "C2 CompilerThread0" daemon [_thread_in_native, id=20324, stack(0x000000d725800000,0x000000d725900000)]


Current CompileTask:
C2:   7904 3980   !   4       org.eclipse.osgi.internal.loader.classpath.ClasspathManager::findLocalClass (210 bytes)

Stack: [0x000000d725800000,0x000000d725900000]
Native frames: (J=compiled Java code, j=interpreted, Vv=VM code, C=native code)
V  [jvm.dll+0x67d2c9]
V  [jvm.dll+0x834afa]
V  [jvm.dll+0x8365be]
V  [jvm.dll+0x836c23]
V  [jvm.dll+0x2477ff]
V  [jvm.dll+0xac514]
V  [jvm.dll+0xacb5c]
V  [jvm.dll+0x2aed1f]
V  [jvm.dll+0x584b67]
V  [jvm.dll+0x2228a2]
V  [jvm.dll+0x21b5cd]
V  [jvm.dll+0x219201]
V  [jvm.dll+0x1a502d]
V  [jvm.dll+0x2290de]
V  [jvm.dll+0x2272ac]
V  [jvm.dll+0x7e9bb7]
V  [jvm.dll+0x7e3fba]
V  [jvm.dll+0x67c1b5]
C  [ucrtbase.dll+0x21bb2]
C  [KERNEL32.DLL+0x17344]
C  [ntdll.dll+0x526b1]


---------------  P R O C E S S  ---------------

Threads class SMR info:
_java_thread_list=0x000002d1d0303d20, length=27, elements={
0x000002d1b4fff480, 0x000002d1c8e98f70, 0x000002d1c8e9b9b0, 0x000002d1ce15d140,
0x000002d1ce15ded0, 0x000002d1ce161310, 0x000002d1ce163a30, 0x000002d1ce169cf0,
0x000002d1ce16ee60, 0x000002d1ce16f980, 0x000002d1ce1fa040, 0x000002d1ce4bfae0,
0x000002d1cfa9bf40, 0x000002d1cf9151f0, 0x000002d1cfacd6f0, 0x000002d1cfae2ba0,
0x000002d1cf21eb70, 0x000002d1cfcd18f0, 0x000002d1cfcd3750, 0x000002d1cfcd2310,
0x000002d1cfcd2820, 0x000002d1cfcd09c0, 0x000002d1cfcd13e0, 0x000002d1cfcd04b0,
0x000002d1ce43e8d0, 0x000002d1ce43bb40, 0x000002d1ce43a1f0
}

Java Threads: ( => current thread )
  0x000002d1b4fff480 JavaThread "main" [_thread_blocked, id=19988, stack(0x000000d724f00000,0x000000d725000000)]
  0x000002d1c8e98f70 JavaThread "Reference Handler" daemon [_thread_blocked, id=388, stack(0x000000d725200000,0x000000d725300000)]
  0x000002d1c8e9b9b0 JavaThread "Finalizer" daemon [_thread_blocked, id=7224, stack(0x000000d725300000,0x000000d725400000)]
  0x000002d1ce15d140 JavaThread "Signal Dispatcher" daemon [_thread_blocked, id=4196, stack(0x000000d725400000,0x000000d725500000)]
  0x000002d1ce15ded0 JavaThread "Attach Listener" daemon [_thread_blocked, id=18192, stack(0x000000d725500000,0x000000d725600000)]
  0x000002d1ce161310 JavaThread "Service Thread" daemon [_thread_blocked, id=380, stack(0x000000d725600000,0x000000d725700000)]
  0x000002d1ce163a30 JavaThread "Monitor Deflation Thread" daemon [_thread_blocked, id=8060, stack(0x000000d725700000,0x000000d725800000)]
=>0x000002d1ce169cf0 JavaThread "C2 CompilerThread0" daemon [_thread_in_native, id=20324, stack(0x000000d725800000,0x000000d725900000)]
  0x000002d1ce16ee60 JavaThread "C1 CompilerThread0" daemon [_thread_blocked, id=1604, stack(0x000000d725900000,0x000000d725a00000)]
  0x000002d1ce16f980 JavaThread "Sweeper thread" daemon [_thread_blocked, id=9560, stack(0x000000d725a00000,0x000000d725b00000)]
  0x000002d1ce1fa040 JavaThread "Common-Cleaner" daemon [_thread_blocked, id=15188, stack(0x000000d725b00000,0x000000d725c00000)]
  0x000002d1ce4bfae0 JavaThread "Notification Thread" daemon [_thread_blocked, id=2484, stack(0x000000d725c00000,0x000000d725d00000)]
  0x000002d1cfa9bf40 JavaThread "Active Thread: Equinox Container: 1e877798-bc93-4b49-b3a5-333ff9c90727" [_thread_blocked, id=22020, stack(0x000000d726500000,0x000000d726600000)]
  0x000002d1cf9151f0 JavaThread "Framework Event Dispatcher: Equinox Container: 1e877798-bc93-4b49-b3a5-333ff9c90727" daemon [_thread_blocked, id=19692, stack(0x000000d726600000,0x000000d726700000)]
  0x000002d1cfacd6f0 JavaThread "Start Level: Equinox Container: 1e877798-bc93-4b49-b3a5-333ff9c90727" daemon [_thread_blocked, id=9972, stack(0x000000d726700000,0x000000d726800000)]
  0x000002d1cfae2ba0 JavaThread "SCR Component Actor" daemon [_thread_blocked, id=19632, stack(0x000000d726800000,0x000000d726900000)]
  0x000002d1cf21eb70 JavaThread "SCR Component Registry" daemon [_thread_blocked, id=11448, stack(0x000000d726400000,0x000000d726500000)]
  0x000002d1cfcd18f0 JavaThread "Worker-JM" [_thread_blocked, id=12580, stack(0x000000d726a00000,0x000000d726b00000)]
  0x000002d1cfcd3750 JavaThread "Worker-0" [_thread_blocked, id=12400, stack(0x000000d726b00000,0x000000d726c00000)]
  0x000002d1cfcd2310 JavaThread "Worker-1" [_thread_blocked, id=19248, stack(0x000000d726c00000,0x000000d726d00000)]
  0x000002d1cfcd2820 JavaThread "JNA Cleaner" daemon [_thread_blocked, id=6548, stack(0x000000d726e00000,0x000000d726f00000)]
  0x000002d1cfcd09c0 JavaThread "pool-2-thread-1" [_thread_blocked, id=13528, stack(0x000000d726f00000,0x000000d727000000)]
  0x000002d1cfcd13e0 JavaThread "WorkspaceEventsHandler" [_thread_blocked, id=12200, stack(0x000000d727000000,0x000000d727100000)]
  0x000002d1cfcd04b0 JavaThread "pool-1-thread-1" [_thread_blocked, id=5800, stack(0x000000d727100000,0x000000d727200000)]
  0x000002d1ce43e8d0 JavaThread "Worker-2" [_thread_blocked, id=2192, stack(0x000000d727300000,0x000000d727400000)]
  0x000002d1ce43bb40 JavaThread "ForkJoinPool.commonPool-worker-1" daemon [_thread_in_native, id=1492, stack(0x000000d727400000,0x000000d727500000)]
  0x000002d1ce43a1f0 JavaThread "ForkJoinPool.commonPool-worker-2" daemon [_thread_blocked, id=19748, stack(0x000000d727500000,0x000000d727600000)]

Other Threads:
  0x000002d1b50b5900 VMThread "VM Thread" [stack: 0x000000d725100000,0x000000d725200000] [id=22108]
  0x000002d1ce4df5a0 WatcherThread [stack: 0x000000d725d00000,0x000000d725e00000] [id=4368]
  0x000002d1b5015b60 GCTaskThread "GC Thread#0" [stack: 0x000000d725000000,0x000000d725100000] [id=21196]
  0x000002d1ce4e22a0 GCTaskThread "GC Thread#1" [stack: 0x000000d725e00000,0x000000d725f00000] [id=8244]
  0x000002d1ce4e2560 GCTaskThread "GC Thread#2" [stack: 0x000000d725f00000,0x000000d726000000] [id=9612]
  0x000002d1cf3abeb0 GCTaskThread "GC Thread#3" [stack: 0x000000d726000000,0x000000d726100000] [id=1620]
  0x000002d1cf3ac170 GCTaskThread "GC Thread#4" [stack: 0x000000d726100000,0x000000d726200000] [id=20292]
  0x000002d1cf3ac430 GCTaskThread "GC Thread#5" [stack: 0x000000d726200000,0x000000d726300000] [id=20784]
  0x000002d1cf517720 GCTaskThread "GC Thread#6" [stack: 0x000000d726300000,0x000000d726400000] [id=7344]
  0x000002d1cf906bf0 GCTaskThread "GC Thread#7" [stack: 0x000000d726900000,0x000000d726a00000] [id=19968]

Threads with active compile tasks:
C2 CompilerThread0     7930 3980   !   4       org.eclipse.osgi.internal.loader.classpath.ClasspathManager::findLocalClass (210 bytes)

VM state: not at safepoint (normal execution)

VM Mutex/Monitor currently owned by a thread: None

Heap address: 0x00000000c0000000, size: 1024 MB, Compressed Oops mode: 32-bit

CDS archive(s) not mapped
Compressed class space mapped at: 0x0000000100000000-0x0000000140000000, reserved size: 1073741824
Narrow klass base: 0x0000000000000000, Narrow klass shift: 3, Narrow klass range: 0x140000000

GC Precious Log:
 CPUs: 8 total, 8 available
 Memory: 7123M
 Large Page Support: Disabled
 NUMA Support: Disabled
 Compressed Oops: Enabled (32-bit)
 Alignments: Space 512K, Generation 512K, Heap 2M
 Heap Min Capacity: 100M
 Heap Initial Capacity: 100M
 Heap Max Capacity: 1G
 Pre-touch: Disabled
 Parallel Workers: 8

Heap:
 PSYoungGen      total 22528K, used 3890K [0x00000000eab00000, 0x00000000ec380000, 0x0000000100000000)
  eden space 21504K, 13% used [0x00000000eab00000,0x00000000eaded840,0x00000000ec000000)
  from space 1024K, 87% used [0x00000000ec280000,0x00000000ec35f0b0,0x00000000ec380000)
  to   space 1536K, 0% used [0x00000000ec080000,0x00000000ec080000,0x00000000ec200000)
 ParOldGen       total 68608K, used 26168K [0x00000000c0000000, 0x00000000c4300000, 0x00000000eab00000)
  object space 68608K, 38% used [0x00000000c0000000,0x00000000c198e268,0x00000000c4300000)
 Metaspace       used 40128K, committed 40896K, reserved 1114112K
  class space    used 4150K, committed 4480K, reserved 1048576K

Card table byte_map: [0x000002d1b49d0000,0x000002d1b4be0000] _byte_map_base: 0x000002d1b43d0000

Marking Bits: (ParMarkBitMap*) 0x00007ffd0d08d7d0
 Begin Bits: [0x000002d1c6ca0000, 0x000002d1c7ca0000)
 End Bits:   [0x000002d1c7ca0000, 0x000002d1c8ca0000)

Polling page: 0x000002d1b47c0000

Metaspace:

Usage:
  Non-class:     35.13 MB used.
      Class:      4.05 MB used.
       Both:     39.19 MB used.

Virtual space:
  Non-class space:       64.00 MB reserved,      35.56 MB ( 56%) committed,  1 nodes.
      Class space:        1.00 GB reserved,       4.38 MB ( <1%) committed,  1 nodes.
             Both:        1.06 GB reserved,      39.94 MB (  4%) committed. 

Chunk freelists:
   Non-Class:  11.60 MB
       Class:  11.51 MB
        Both:  23.11 MB

MaxMetaspaceSize: unlimited
CompressedClassSpaceSize: 1.00 GB
Initial GC threshold: 21.00 MB
Current GC threshold: 58.38 MB
CDS: off
MetaspaceReclaimPolicy: balanced
 - commit_granule_bytes: 65536.
 - commit_granule_words: 8192.
 - virtual_space_node_default_size: 8388608.
 - enlarge_chunks_in_place: 1.
 - new_chunks_are_fully_committed: 0.
 - uncommit_free_chunks: 1.
 - use_allocation_guard: 0.
 - handle_deallocations: 1.


Internal statistics:

num_allocs_failed_limit: 6.
num_arena_births: 378.
num_arena_deaths: 14.
num_vsnodes_births: 2.
num_vsnodes_deaths: 0.
num_space_committed: 639.
num_space_uncommitted: 0.
num_chunks_returned_to_freelist: 20.
num_chunks_taken_from_freelist: 1646.
num_chunk_merges: 8.
num_chunk_splits: 1081.
num_chunks_enlarged: 734.
num_inconsistent_stats: 0.

CodeHeap 'non-profiled nmethods': size=120000Kb used=2065Kb max_used=2065Kb free=117934Kb
 bounds [0x000002d1bf770000, 0x000002d1bf9e0000, 0x000002d1c6ca0000]
CodeHeap 'profiled nmethods': size=120000Kb used=7949Kb max_used=7949Kb free=112050Kb
 bounds [0x000002d1b7ca0000, 0x000002d1b8470000, 0x000002d1bf1d0000]
CodeHeap 'non-nmethods': size=5760Kb used=1295Kb max_used=1321Kb free=4465Kb
 bounds [0x000002d1bf1d0000, 0x000002d1bf440000, 0x000002d1bf770000]
 total_blobs=4612 nmethods=3994 adapters=532
 compilation: enabled
              stopped_count=0, restarted_count=0
 full_count=0

Compilation events (20 events):
Event: 7.850 Thread 0x000002d1ce16ee60 3981       3       sun.net.www.protocol.jar.URLJarFile::getEntry (69 bytes)
Event: 7.852 Thread 0x000002d1ce16ee60 nmethod 3981 0x000002d1b8459010 code [0x000002d1b8459340, 0x000002d1b845a5d8]
Event: 7.853 Thread 0x000002d1ce16ee60 3982       3       sun.net.www.protocol.jar.URLJarFile::isFileURL (50 bytes)
Event: 7.854 Thread 0x000002d1ce16ee60 nmethod 3982 0x000002d1b845ab90 code [0x000002d1b845ad80, 0x000002d1b845b188]
Event: 7.856 Thread 0x000002d1ce16ee60 3983   !   3       sun.net.www.protocol.jar.JarFileFactory::getCachedJarFile (149 bytes)
Event: 7.857 Thread 0x000002d1ce16ee60 nmethod 3983 0x000002d1b845b310 code [0x000002d1b845b5c0, 0x000002d1b845c568]
Event: 7.857 Thread 0x000002d1ce16ee60 3984   !   3       sun.net.www.protocol.jar.JarURLConnection::connect (196 bytes)
Event: 7.860 Thread 0x000002d1ce16ee60 nmethod 3984 0x000002d1b845ca90 code [0x000002d1b845cda0, 0x000002d1b845de88]
Event: 7.863 Thread 0x000002d1ce16ee60 3985       3       org.eclipse.osgi.internal.loader.BundleLoader::findLocalResource (9 bytes)
Event: 7.863 Thread 0x000002d1ce16ee60 nmethod 3985 0x000002d1b845e390 code [0x000002d1b845e540, 0x000002d1b845e858]
Event: 7.863 Thread 0x000002d1ce16ee60 3986       3       org.eclipse.osgi.internal.loader.ModuleClassLoader::findLocalResource (9 bytes)
Event: 7.863 Thread 0x000002d1ce16ee60 nmethod 3986 0x000002d1b845e990 code [0x000002d1b845eb40, 0x000002d1b845eca8]
Event: 7.868 Thread 0x000002d1ce16ee60 3987       3       sun.net.www.protocol.jar.Handler::openConnection (10 bytes)
Event: 7.871 Thread 0x000002d1ce16ee60 nmethod 3987 0x000002d1b845ed90 code [0x000002d1b845ef40, 0x000002d1b845f0e8]
Event: 7.871 Thread 0x000002d1ce16ee60 3988       3       sun.net.www.protocol.jar.JarURLConnection::<init> (44 bytes)
Event: 7.872 Thread 0x000002d1ce16ee60 nmethod 3988 0x000002d1b845f190 code [0x000002d1b845f380, 0x000002d1b845f8d8]
Event: 7.872 Thread 0x000002d1ce16ee60 3989       3       sun.net.www.protocol.jar.JarURLConnection::getInputStream (97 bytes)
Event: 7.872 Thread 0x000002d1ce16ee60 nmethod 3989 0x000002d1b845fb10 code [0x000002d1b845fdc0, 0x000002d1b8460a28]
Event: 7.876 Thread 0x000002d1ce16ee60 3990   !   3       sun.net.www.protocol.jar.JarURLConnection$JarURLInputStream::close (51 bytes)
Event: 7.876 Thread 0x000002d1ce16ee60 nmethod 3990 0x000002d1b8460e90 code [0x000002d1b84610a0, 0x000002d1b84617a8]

GC Heap History (20 events):
Event: 6.008 GC heap before
{Heap before GC invocations=9 (full 1):
 PSYoungGen      total 27136K, used 27108K [0x00000000eab00000, 0x00000000ecc80000, 0x0000000100000000)
  eden space 24064K, 100% used [0x00000000eab00000,0x00000000ec280000,0x00000000ec280000)
  from space 3072K, 99% used [0x00000000ec300000,0x00000000ec5f9348,0x00000000ec600000)
  to   space 5120K, 0% used [0x00000000ec780000,0x00000000ec780000,0x00000000ecc80000)
 ParOldGen       total 68608K, used 8231K [0x00000000c0000000, 0x00000000c4300000, 0x00000000eab00000)
  object space 68608K, 11% used [0x00000000c0000000,0x00000000c0809f08,0x00000000c4300000)
 Metaspace       used 34879K, committed 35584K, reserved 1114112K
  class space    used 3513K, committed 3840K, reserved 1048576K
}
Event: 6.012 GC heap after
{Heap after GC invocations=9 (full 1):
 PSYoungGen      total 28160K, used 4590K [0x00000000eab00000, 0x00000000ecc00000, 0x0000000100000000)
  eden space 23552K, 0% used [0x00000000eab00000,0x00000000eab00000,0x00000000ec200000)
  from space 4608K, 99% used [0x00000000ec780000,0x00000000ecbfb970,0x00000000ecc00000)
  to   space 5120K, 0% used [0x00000000ec200000,0x00000000ec200000,0x00000000ec700000)
 ParOldGen       total 68608K, used 8239K [0x00000000c0000000, 0x00000000c4300000, 0x00000000eab00000)
  object space 68608K, 12% used [0x00000000c0000000,0x00000000c080bf08,0x00000000c4300000)
 Metaspace       used 34879K, committed 35584K, reserved 1114112K
  class space    used 3513K, committed 3840K, reserved 1048576K
}
Event: 6.074 GC heap before
{Heap before GC invocations=10 (full 1):
 PSYoungGen      total 28160K, used 7265K [0x00000000eab00000, 0x00000000ecc00000, 0x0000000100000000)
  eden space 23552K, 11% used [0x00000000eab00000,0x00000000ead9ce40,0x00000000ec200000)
  from space 4608K, 99% used [0x00000000ec780000,0x00000000ecbfb970,0x00000000ecc00000)
  to   space 5120K, 0% used [0x00000000ec200000,0x00000000ec200000,0x00000000ec700000)
 ParOldGen       total 68608K, used 8239K [0x00000000c0000000, 0x00000000c4300000, 0x00000000eab00000)
  object space 68608K, 12% used [0x00000000c0000000,0x00000000c080bf08,0x00000000c4300000)
 Metaspace       used 35228K, committed 35840K, reserved 1114112K
  class space    used 3562K, committed 3840K, reserved 1048576K
}
Event: 6.077 GC heap after
{Heap after GC invocations=10 (full 1):
 PSYoungGen      total 27136K, used 3284K [0x00000000eab00000, 0x00000000eca00000, 0x0000000100000000)
  eden space 23552K, 0% used [0x00000000eab00000,0x00000000eab00000,0x00000000ec200000)
  from space 3584K, 91% used [0x00000000ec200000,0x00000000ec5352f0,0x00000000ec580000)
  to   space 4096K, 0% used [0x00000000ec600000,0x00000000ec600000,0x00000000eca00000)
 ParOldGen       total 68608K, used 9813K [0x00000000c0000000, 0x00000000c4300000, 0x00000000eab00000)
  object space 68608K, 14% used [0x00000000c0000000,0x00000000c0995420,0x00000000c4300000)
 Metaspace       used 35228K, committed 35840K, reserved 1114112K
  class space    used 3562K, committed 3840K, reserved 1048576K
}
Event: 6.077 GC heap before
{Heap before GC invocations=11 (full 2):
 PSYoungGen      total 27136K, used 3284K [0x00000000eab00000, 0x00000000eca00000, 0x0000000100000000)
  eden space 23552K, 0% used [0x00000000eab00000,0x00000000eab00000,0x00000000ec200000)
  from space 3584K, 91% used [0x00000000ec200000,0x00000000ec5352f0,0x00000000ec580000)
  to   space 4096K, 0% used [0x00000000ec600000,0x00000000ec600000,0x00000000eca00000)
 ParOldGen       total 68608K, used 9813K [0x00000000c0000000, 0x00000000c4300000, 0x00000000eab00000)
  object space 68608K, 14% used [0x00000000c0000000,0x00000000c0995420,0x00000000c4300000)
 Metaspace       used 35228K, committed 35840K, reserved 1114112K
  class space    used 3562K, committed 3840K, reserved 1048576K
}
Event: 6.102 GC heap after
{Heap after GC invocations=11 (full 2):
 PSYoungGen      total 27136K, used 0K [0x00000000eab00000, 0x00000000eca00000, 0x0000000100000000)
  eden space 23552K, 0% used [0x00000000eab00000,0x00000000eab00000,0x00000000ec200000)
  from space 3584K, 0% used [0x00000000ec200000,0x00000000ec200000,0x00000000ec580000)
  to   space 4096K, 0% used [0x00000000ec600000,0x00000000ec600000,0x00000000eca00000)
 ParOldGen       total 68608K, used 12772K [0x00000000c0000000, 0x00000000c4300000, 0x00000000eab00000)
  object space 68608K, 18% used [0x00000000c0000000,0x00000000c0c79310,0x00000000c4300000)
 Metaspace       used 35228K, committed 35840K, reserved 1114112K
  class space    used 3562K, committed 3840K, reserved 1048576K
}
Event: 6.339 GC heap before
{Heap before GC invocations=12 (full 2):
 PSYoungGen      total 27136K, used 23552K [0x00000000eab00000, 0x00000000eca00000, 0x0000000100000000)
  eden space 23552K, 100% used [0x00000000eab00000,0x00000000ec200000,0x00000000ec200000)
  from space 3584K, 0% used [0x00000000ec200000,0x00000000ec200000,0x00000000ec580000)
  to   space 4096K, 0% used [0x00000000ec600000,0x00000000ec600000,0x00000000eca00000)
 ParOldGen       total 68608K, used 12772K [0x00000000c0000000, 0x00000000c4300000, 0x00000000eab00000)
  object space 68608K, 18% used [0x00000000c0000000,0x00000000c0c79310,0x00000000c4300000)
 Metaspace       used 36687K, committed 37376K, reserved 1114112K
  class space    used 3733K, committed 4032K, reserved 1048576K
}
Event: 6.341 GC heap after
{Heap after GC invocations=12 (full 2):
 PSYoungGen      total 25600K, used 2304K [0x00000000eab00000, 0x00000000ec880000, 0x0000000100000000)
  eden space 23040K, 0% used [0x00000000eab00000,0x00000000eab00000,0x00000000ec180000)
  from space 2560K, 90% used [0x00000000ec600000,0x00000000ec840040,0x00000000ec880000)
  to   space 3072K, 0% used [0x00000000ec280000,0x00000000ec280000,0x00000000ec580000)
 ParOldGen       total 68608K, used 12780K [0x00000000c0000000, 0x00000000c4300000, 0x00000000eab00000)
  object space 68608K, 18% used [0x00000000c0000000,0x00000000c0c7b310,0x00000000c4300000)
 Metaspace       used 36687K, committed 37376K, reserved 1114112K
  class space    used 3733K, committed 4032K, reserved 1048576K
}
Event: 6.497 GC heap before
{Heap before GC invocations=13 (full 2):
 PSYoungGen      total 25600K, used 25344K [0x00000000eab00000, 0x00000000ec880000, 0x0000000100000000)
  eden space 23040K, 100% used [0x00000000eab00000,0x00000000ec180000,0x00000000ec180000)
  from space 2560K, 90% used [0x00000000ec600000,0x00000000ec840040,0x00000000ec880000)
  to   space 3072K, 0% used [0x00000000ec280000,0x00000000ec280000,0x00000000ec580000)
 ParOldGen       total 68608K, used 12780K [0x00000000c0000000, 0x00000000c4300000, 0x00000000eab00000)
  object space 68608K, 18% used [0x00000000c0000000,0x00000000c0c7b310,0x00000000c4300000)
 Metaspace       used 36879K, committed 37504K, reserved 1114112K
  class space    used 3752K, committed 4032K, reserved 1048576K
}
Event: 6.502 GC heap after
{Heap after GC invocations=13 (full 2):
 PSYoungGen      total 25088K, used 2336K [0x00000000eab00000, 0x00000000ec680000, 0x0000000100000000)
  eden space 22528K, 0% used [0x00000000eab00000,0x00000000eab00000,0x00000000ec100000)
  from space 2560K, 91% used [0x00000000ec280000,0x00000000ec4c8010,0x00000000ec500000)
  to   space 1536K, 0% used [0x00000000ec500000,0x00000000ec500000,0x00000000ec680000)
 ParOldGen       total 68608K, used 14911K [0x00000000c0000000, 0x00000000c4300000, 0x00000000eab00000)
  object space 68608K, 21% used [0x00000000c0000000,0x00000000c0e8fce0,0x00000000c4300000)
 Metaspace       used 36879K, committed 37504K, reserved 1114112K
  class space    used 3752K, committed 4032K, reserved 1048576K
}
Event: 6.611 GC heap before
{Heap before GC invocations=14 (full 2):
 PSYoungGen      total 25088K, used 24864K [0x00000000eab00000, 0x00000000ec680000, 0x0000000100000000)
  eden space 22528K, 100% used [0x00000000eab00000,0x00000000ec100000,0x00000000ec100000)
  from space 2560K, 91% used [0x00000000ec280000,0x00000000ec4c8010,0x00000000ec500000)
  to   space 1536K, 0% used [0x00000000ec500000,0x00000000ec500000,0x00000000ec680000)
 ParOldGen       total 68608K, used 14911K [0x00000000c0000000, 0x00000000c4300000, 0x00000000eab00000)
  object space 68608K, 21% used [0x00000000c0000000,0x00000000c0e8fce0,0x00000000c4300000)
 Metaspace       used 36950K, committed 37632K, reserved 1114112K
  class space    used 3765K, committed 4096K, reserved 1048576K
}
Event: 6.615 GC heap after
{Heap after GC invocations=14 (full 2):
 PSYoungGen      total 23040K, used 1536K [0x00000000eab00000, 0x00000000eca80000, 0x0000000100000000)
  eden space 21504K, 0% used [0x00000000eab00000,0x00000000eab00000,0x00000000ec000000)
  from space 1536K, 100% used [0x00000000ec500000,0x00000000ec680000,0x00000000ec680000)
  to   space 5120K, 0% used [0x00000000ec000000,0x00000000ec000000,0x00000000ec500000)
 ParOldGen       total 68608K, used 17774K [0x00000000c0000000, 0x00000000c4300000, 0x00000000eab00000)
  object space 68608K, 25% used [0x00000000c0000000,0x00000000c115b898,0x00000000c4300000)
 Metaspace       used 36950K, committed 37632K, reserved 1114112K
  class space    used 3765K, committed 4096K, reserved 1048576K
}
Event: 6.675 GC heap before
{Heap before GC invocations=15 (full 2):
 PSYoungGen      total 23040K, used 23040K [0x00000000eab00000, 0x00000000eca80000, 0x0000000100000000)
  eden space 21504K, 100% used [0x00000000eab00000,0x00000000ec000000,0x00000000ec000000)
  from space 1536K, 100% used [0x00000000ec500000,0x00000000ec680000,0x00000000ec680000)
  to   space 5120K, 0% used [0x00000000ec000000,0x00000000ec000000,0x00000000ec500000)
 ParOldGen       total 68608K, used 17774K [0x00000000c0000000, 0x00000000c4300000, 0x00000000eab00000)
  object space 68608K, 25% used [0x00000000c0000000,0x00000000c115b898,0x00000000c4300000)
 Metaspace       used 36951K, committed 37632K, reserved 1114112K
  class space    used 3765K, committed 4096K, reserved 1048576K
}
Event: 6.679 GC heap after
{Heap after GC invocations=15 (full 2):
 PSYoungGen      total 24064K, used 2464K [0x00000000eab00000, 0x00000000ec700000, 0x0000000100000000)
  eden space 21504K, 0% used [0x00000000eab00000,0x00000000eab00000,0x00000000ec000000)
  from space 2560K, 96% used [0x00000000ec000000,0x00000000ec268000,0x00000000ec280000)
  to   space 3584K, 0% used [0x00000000ec380000,0x00000000ec380000,0x00000000ec700000)
 ParOldGen       total 68608K, used 19330K [0x00000000c0000000, 0x00000000c4300000, 0x00000000eab00000)
  object space 68608K, 28% used [0x00000000c0000000,0x00000000c12e0bf0,0x00000000c4300000)
 Metaspace       used 36951K, committed 37632K, reserved 1114112K
  class space    used 3765K, committed 4096K, reserved 1048576K
}
Event: 6.757 GC heap before
{Heap before GC invocations=16 (full 2):
 PSYoungGen      total 24064K, used 23968K [0x00000000eab00000, 0x00000000ec700000, 0x0000000100000000)
  eden space 21504K, 100% used [0x00000000eab00000,0x00000000ec000000,0x00000000ec000000)
  from space 2560K, 96% used [0x00000000ec000000,0x00000000ec268000,0x00000000ec280000)
  to   space 3584K, 0% used [0x00000000ec380000,0x00000000ec380000,0x00000000ec700000)
 ParOldGen       total 68608K, used 19330K [0x00000000c0000000, 0x00000000c4300000, 0x00000000eab00000)
  object space 68608K, 28% used [0x00000000c0000000,0x00000000c12e0bf0,0x00000000c4300000)
 Metaspace       used 36951K, committed 37632K, reserved 1114112K
  class space    used 3765K, committed 4096K, reserved 1048576K
}
Event: 6.762 GC heap after
{Heap after GC invocations=16 (full 2):
 PSYoungGen      total 24064K, used 2432K [0x00000000eab00000, 0x00000000ec600000, 0x0000000100000000)
  eden space 21504K, 0% used [0x00000000eab00000,0x00000000eab00000,0x00000000ec000000)
  from space 2560K, 95% used [0x00000000ec380000,0x00000000ec5e0010,0x00000000ec600000)
  to   space 3072K, 0% used [0x00000000ec000000,0x00000000ec000000,0x00000000ec300000)
 ParOldGen       total 68608K, used 21714K [0x00000000c0000000, 0x00000000c4300000, 0x00000000eab00000)
  object space 68608K, 31% used [0x00000000c0000000,0x00000000c1534bf0,0x00000000c4300000)
 Metaspace       used 36951K, committed 37632K, reserved 1114112K
  class space    used 3765K, committed 4096K, reserved 1048576K
}
Event: 7.131 GC heap before
{Heap before GC invocations=17 (full 2):
 PSYoungGen      total 24064K, used 23900K [0x00000000eab00000, 0x00000000ec600000, 0x0000000100000000)
  eden space 21504K, 99% used [0x00000000eab00000,0x00000000ebff7198,0x00000000ec000000)
  from space 2560K, 95% used [0x00000000ec380000,0x00000000ec5e0010,0x00000000ec600000)
  to   space 3072K, 0% used [0x00000000ec000000,0x00000000ec000000,0x00000000ec300000)
 ParOldGen       total 68608K, used 21714K [0x00000000c0000000, 0x00000000c4300000, 0x00000000eab00000)
  object space 68608K, 31% used [0x00000000c0000000,0x00000000c1534bf0,0x00000000c4300000)
 Metaspace       used 38576K, committed 39232K, reserved 1114112K
  class space    used 3964K, committed 4288K, reserved 1048576K
}
Event: 7.137 GC heap after
{Heap after GC invocations=17 (full 2):
 PSYoungGen      total 24064K, used 2228K [0x00000000eab00000, 0x00000000ec500000, 0x0000000100000000)
  eden space 21504K, 0% used [0x00000000eab00000,0x00000000eab00000,0x00000000ec000000)
  from space 2560K, 87% used [0x00000000ec000000,0x00000000ec22d1d8,0x00000000ec280000)
  to   space 2560K, 0% used [0x00000000ec280000,0x00000000ec280000,0x00000000ec500000)
 ParOldGen       total 68608K, used 24089K [0x00000000c0000000, 0x00000000c4300000, 0x00000000eab00000)
  object space 68608K, 35% used [0x00000000c0000000,0x00000000c1786480,0x00000000c4300000)
 Metaspace       used 38576K, committed 39232K, reserved 1114112K
  class space    used 3964K, committed 4288K, reserved 1048576K
}
Event: 7.869 GC heap before
{Heap before GC invocations=18 (full 2):
 PSYoungGen      total 24064K, used 23732K [0x00000000eab00000, 0x00000000ec500000, 0x0000000100000000)
  eden space 21504K, 100% used [0x00000000eab00000,0x00000000ec000000,0x00000000ec000000)
  from space 2560K, 87% used [0x00000000ec000000,0x00000000ec22d1d8,0x00000000ec280000)
  to   space 2560K, 0% used [0x00000000ec280000,0x00000000ec280000,0x00000000ec500000)
 ParOldGen       total 68608K, used 24089K [0x00000000c0000000, 0x00000000c4300000, 0x00000000eab00000)
  object space 68608K, 35% used [0x00000000c0000000,0x00000000c1786480,0x00000000c4300000)
 Metaspace       used 39962K, committed 40704K, reserved 1114112K
  class space    used 4133K, committed 4480K, reserved 1048576K
}
Event: 7.871 GC heap after
{Heap after GC invocations=18 (full 2):
 PSYoungGen      total 22528K, used 892K [0x00000000eab00000, 0x00000000ec380000, 0x0000000100000000)
  eden space 21504K, 0% used [0x00000000eab00000,0x00000000eab00000,0x00000000ec000000)
  from space 1024K, 87% used [0x00000000ec280000,0x00000000ec35f0b0,0x00000000ec380000)
  to   space 1536K, 0% used [0x00000000ec080000,0x00000000ec080000,0x00000000ec200000)
 ParOldGen       total 68608K, used 26168K [0x00000000c0000000, 0x00000000c4300000, 0x00000000eab00000)
  object space 68608K, 38% used [0x00000000c0000000,0x00000000c198e268,0x00000000c4300000)
 Metaspace       used 39962K, committed 40704K, reserved 1114112K
  class space    used 4133K, committed 4480K, reserved 1048576K
}

Dll operation events (10 events):
Event: 0.034 Loaded shared library c:\Users\Leevi\.vscode\extensions\redhat.java-1.28.1-win32-x64\jre\17.0.10-win32-x86_64\bin\java.dll
Event: 0.298 Loaded shared library c:\Users\Leevi\.vscode\extensions\redhat.java-1.28.1-win32-x64\jre\17.0.10-win32-x86_64\bin\zip.dll
Event: 0.303 Loaded shared library C:\Users\Leevi\.vscode\extensions\redhat.java-1.28.1-win32-x64\jre\17.0.10-win32-x86_64\bin\instrument.dll
Event: 0.342 Loaded shared library C:\Users\Leevi\.vscode\extensions\redhat.java-1.28.1-win32-x64\jre\17.0.10-win32-x86_64\bin\net.dll
Event: 0.345 Loaded shared library C:\Users\Leevi\.vscode\extensions\redhat.java-1.28.1-win32-x64\jre\17.0.10-win32-x86_64\bin\nio.dll
Event: 0.364 Loaded shared library C:\Users\Leevi\.vscode\extensions\redhat.java-1.28.1-win32-x64\jre\17.0.10-win32-x86_64\bin\zip.dll
Event: 0.405 Loaded shared library C:\Users\Leevi\.vscode\extensions\redhat.java-1.28.1-win32-x64\jre\17.0.10-win32-x86_64\bin\jimage.dll
Event: 0.551 Loaded shared library c:\Users\Leevi\.vscode\extensions\redhat.java-1.28.1-win32-x64\jre\17.0.10-win32-x86_64\bin\verify.dll
Event: 2.681 Loaded shared library C:\Users\Leevi\AppData\Roaming\Code\User\globalStorage\redhat.java\1.28.1\config_ss_win\org.eclipse.equinox.launcher\org.eclipse.equinox.launcher.win32.win32.x86_64_1.2.900.v20240129-1338\eclipse_11900.dll
Event: 5.468 Loaded shared library C:\Users\Leevi\AppData\Local\Temp\jna-73297311\jna2197484684320853767.dll

Deoptimization events (20 events):
Event: 6.980 Thread 0x000002d1ce43bb40 DEOPT PACKING pc=0x000002d1b82bcc1e sp=0x000000d7274fdda0
Event: 6.980 Thread 0x000002d1ce43bb40 DEOPT UNPACKING pc=0x000002d1bf226e43 sp=0x000000d7274fd298 mode 0
Event: 6.982 Thread 0x000002d1ce43a1f0 DEOPT PACKING pc=0x000002d1b82bcc1e sp=0x000000d7275fdeb0
Event: 6.982 Thread 0x000002d1ce43a1f0 DEOPT UNPACKING pc=0x000002d1bf226e43 sp=0x000000d7275fd3a8 mode 0
Event: 6.987 Thread 0x000002d1cfcd04b0 DEOPT PACKING pc=0x000002d1b82bcc1e sp=0x000000d7271fcfb0
Event: 6.987 Thread 0x000002d1cfcd04b0 DEOPT UNPACKING pc=0x000002d1bf226e43 sp=0x000000d7271fc4a8 mode 0
Event: 6.987 Thread 0x000002d1cfcd04b0 DEOPT PACKING pc=0x000002d1b82bcc1e sp=0x000000d7271fcfb0
Event: 6.987 Thread 0x000002d1cfcd04b0 DEOPT UNPACKING pc=0x000002d1bf226e43 sp=0x000000d7271fc4a8 mode 0
Event: 6.988 Thread 0x000002d1cfcd04b0 DEOPT PACKING pc=0x000002d1b83eec04 sp=0x000000d7271fd8e0
Event: 6.989 Thread 0x000002d1cfcd04b0 DEOPT UNPACKING pc=0x000002d1bf226e43 sp=0x000000d7271fcd78 mode 0
Event: 7.486 Thread 0x000002d1ce43bb40 DEOPT PACKING pc=0x000002d1b800a0c3 sp=0x000000d7274f90a0
Event: 7.486 Thread 0x000002d1ce43bb40 DEOPT UNPACKING pc=0x000002d1bf226e43 sp=0x000000d7274f85c0 mode 0
Event: 7.495 Thread 0x000002d1ce43bb40 DEOPT PACKING pc=0x000002d1b83a0cdc sp=0x000000d7274f92c0
Event: 7.495 Thread 0x000002d1ce43bb40 DEOPT UNPACKING pc=0x000002d1bf226e43 sp=0x000000d7274f87b8 mode 0
Event: 7.579 Thread 0x000002d1ce43bb40 DEOPT PACKING pc=0x000002d1b8432dc5 sp=0x000000d7274f95c0
Event: 7.579 Thread 0x000002d1ce43bb40 DEOPT UNPACKING pc=0x000002d1bf226e43 sp=0x000000d7274f8a70 mode 0
Event: 7.589 Thread 0x000002d1ce43bb40 DEOPT PACKING pc=0x000002d1b800a0c3 sp=0x000000d7274f90e0
Event: 7.589 Thread 0x000002d1ce43bb40 DEOPT UNPACKING pc=0x000002d1bf226e43 sp=0x000000d7274f8600 mode 0
Event: 7.639 Thread 0x000002d1ce43bb40 DEOPT PACKING pc=0x000002d1b8432dc5 sp=0x000000d7274f95c0
Event: 7.639 Thread 0x000002d1ce43bb40 DEOPT UNPACKING pc=0x000002d1bf226e43 sp=0x000000d7274f8a70 mode 0

Classes unloaded (7 events):
Event: 3.941 Thread 0x000002d1b50b5900 Unloading class 0x000000010021a400 'java/lang/invoke/LambdaForm$MH+0x000000010021a400'
Event: 3.941 Thread 0x000002d1b50b5900 Unloading class 0x000000010021a000 'java/lang/invoke/LambdaForm$MH+0x000000010021a000'
Event: 3.941 Thread 0x000002d1b50b5900 Unloading class 0x0000000100219c00 'java/lang/invoke/LambdaForm$MH+0x0000000100219c00'
Event: 3.941 Thread 0x000002d1b50b5900 Unloading class 0x0000000100219800 'java/lang/invoke/LambdaForm$MH+0x0000000100219800'
Event: 3.941 Thread 0x000002d1b50b5900 Unloading class 0x0000000100219400 'java/lang/invoke/LambdaForm$BMH+0x0000000100219400'
Event: 3.941 Thread 0x000002d1b50b5900 Unloading class 0x0000000100219000 'java/lang/invoke/LambdaForm$DMH+0x0000000100219000'
Event: 3.941 Thread 0x000002d1b50b5900 Unloading class 0x0000000100214400 'java/lang/invoke/LambdaForm$DMH+0x0000000100214400'

Classes redefined (0 events):
No events

Internal exceptions (20 events):
Event: 5.562 Thread 0x000002d1b4fff480 Exception <a 'java/lang/NoSuchMethodError'{0x00000000eb20bd70}: 'java.lang.Object java.lang.invoke.DirectMethodHandle$Holder.invokeStaticInit(java.lang.Object, java.lang.Object, long, java.lang.Object)'> (0x00000000eb20bd70) 
thrown [s\src\hotspot\share\interpreter\linkResolver.cpp, line 759]
Event: 5.563 Thread 0x000002d1b4fff480 Exception <a 'java/lang/NoSuchMethodError'{0x00000000eb212620}: 'java.lang.Object java.lang.invoke.DirectMethodHandle$Holder.newInvokeSpecial(java.lang.Object, java.lang.Object, long)'> (0x00000000eb212620) 
thrown [s\src\hotspot\share\interpreter\linkResolver.cpp, line 759]
Event: 5.616 Thread 0x000002d1b4fff480 Exception <a 'java/lang/NoSuchMethodError'{0x00000000eb3dbed0}: 'void java.lang.invoke.DirectMethodHandle$Holder.invokeStatic(java.lang.Object, java.lang.Object, java.lang.Object, java.lang.Object)'> (0x00000000eb3dbed0) 
thrown [s\src\hotspot\share\interpreter\linkResolver.cpp, line 759]
Event: 5.821 Thread 0x000002d1b4fff480 Exception <a 'java/lang/NoSuchMethodError'{0x00000000ebc33160}: 'void java.lang.invoke.DirectMethodHandle$Holder.invokeSpecial(java.lang.Object, java.lang.Object, java.lang.Object, java.lang.Object, java.lang.Object, java.lang.Object)'> (0x00000000ebc33160) 
thrown [s\src\hotspot\share\interpreter\linkResolver.cpp, line 759]
Event: 5.823 Thread 0x000002d1b4fff480 Exception <a 'java/lang/IncompatibleClassChangeError'{0x00000000ebc3ca18}: Found class java.lang.Object, but interface was expected> (0x00000000ebc3ca18) 
thrown [s\src\hotspot\share\interpreter\linkResolver.cpp, line 826]
Event: 6.006 Thread 0x000002d1cfcd04b0 Exception <a 'java/io/FileNotFoundException'{0x00000000ec26e068}> (0x00000000ec26e068) 
thrown [s\src\hotspot\share\prims\jni.cpp, line 516]
Event: 6.050 Thread 0x000002d1cfcd04b0 Exception <a 'sun/nio/fs/WindowsException'{0x00000000eacd2c28}> (0x00000000eacd2c28) 
thrown [s\src\hotspot\share\prims\jni.cpp, line 516]
Event: 6.059 Thread 0x000002d1cfcd2310 Exception <a 'java/io/FileNotFoundException'{0x00000000ead0af28}> (0x00000000ead0af28) 
thrown [s\src\hotspot\share\prims\jni.cpp, line 516]
Event: 6.060 Thread 0x000002d1cfcd2310 Exception <a 'java/io/FileNotFoundException'{0x00000000ead0bf20}> (0x00000000ead0bf20) 
thrown [s\src\hotspot\share\prims\jni.cpp, line 516]
Event: 6.060 Thread 0x000002d1cfcd2310 Exception <a 'java/io/FileNotFoundException'{0x00000000ead0cc90}> (0x00000000ead0cc90) 
thrown [s\src\hotspot\share\prims\jni.cpp, line 516]
Event: 6.140 Thread 0x000002d1cfcd04b0 Exception <a 'java/lang/NoSuchMethodError'{0x00000000eaea1b68}: 'int java.lang.invoke.DirectMethodHandle$Holder.invokeVirtual(java.lang.Object, java.lang.Object)'> (0x00000000eaea1b68) 
thrown [s\src\hotspot\share\interpreter\linkResolver.cpp, line 759]
Event: 6.143 Thread 0x000002d1cfcd3750 Exception <a 'java/lang/NoSuchMethodError'{0x00000000eaee5e88}: 'java.lang.Object java.lang.invoke.Invokers$Holder.invoke_MT(java.lang.Object, java.lang.Object, java.lang.Object)'> (0x00000000eaee5e88) 
thrown [s\src\hotspot\share\interpreter\linkResolver.cpp, line 759]
Event: 6.361 Thread 0x000002d1cfcd3750 Exception <a 'java/io/FileNotFoundException'{0x00000000eadf7038}> (0x00000000eadf7038) 
thrown [s\src\hotspot\share\prims\jni.cpp, line 516]
Event: 6.361 Thread 0x000002d1cfcd3750 Exception <a 'java/io/FileNotFoundException'{0x00000000eadf8570}> (0x00000000eadf8570) 
thrown [s\src\hotspot\share\prims\jni.cpp, line 516]
Event: 6.363 Thread 0x000002d1cfcd3750 Exception <a 'java/lang/NoSuchMethodError'{0x00000000eae09b78}: 'void java.lang.invoke.DirectMethodHandle$Holder.invokeStaticInit(java.lang.Object, java.lang.Object, java.lang.Object)'> (0x00000000eae09b78) 
thrown [s\src\hotspot\share\interpreter\linkResolver.cpp, line 759]
Event: 6.893 Thread 0x000002d1cfcd04b0 Exception <a 'java/lang/NoSuchMethodError'{0x00000000eb45c5e8}: 'java.lang.Object java.lang.invoke.DirectMethodHandle$Holder.invokeInterface(java.lang.Object, java.lang.Object, java.lang.Object)'> (0x00000000eb45c5e8) 
thrown [s\src\hotspot\share\interpreter\linkResolver.cpp, line 759]
Event: 6.893 Thread 0x000002d1ce43a1f0 Exception <a 'java/lang/NoSuchMethodError'{0x00000000eb3dbed8}: 'java.lang.Object java.lang.invoke.DirectMethodHandle$Holder.invokeInterface(java.lang.Object, java.lang.Object, java.lang.Object)'> (0x00000000eb3dbed8) 
thrown [s\src\hotspot\share\interpreter\linkResolver.cpp, line 759]
Event: 6.893 Thread 0x000002d1ce43bb40 Exception <a 'java/lang/NoSuchMethodError'{0x00000000eb466158}: 'java.lang.Object java.lang.invoke.DirectMethodHandle$Holder.invokeInterface(java.lang.Object, java.lang.Object, java.lang.Object)'> (0x00000000eb466158) 
thrown [s\src\hotspot\share\interpreter\linkResolver.cpp, line 759]
Event: 7.344 Thread 0x000002d1ce43a1f0 Exception <a 'java/lang/LinkageError'{0x00000000eb100670}: loader lombok.launch.ShadowClassLoader @3f48ae63 attempted duplicate class definition for lombok.launch.PatchFixesHider$Transform. (lombok.launch.PatchFixesHider$Transform is in unnamed module of loader lombok.launch.ShadowClassLoader @3f48ae63, parent loader org.eclipse.osgi.internal.loader.EquinoxClassLoader @5eb46ef)> (0x00000000eb100670) 
thrown [s\src\hotspot\share\classfile\systemDictionary.cpp, line 1724]
Event: 7.346 Thread 0x000002d1cfcd04b0 Exception <a 'java/lang/LinkageError'{0x00000000eb132d98}: loader lombok.launch.ShadowClassLoader @3f48ae63 attempted duplicate class definition for lombok.launch.PatchFixesHider$Transform. (lombok.launch.PatchFixesHider$Transform is in unnamed module of loader lombok.launch.ShadowClassLoader @3f48ae63, parent loader org.eclipse.osgi.internal.loader.EquinoxClassLoader @5eb46ef)> (0x00000000eb132d98) 
thrown [s\src\hotspot\share\classfile\systemDictionary.cpp, line 1724]

VM Operations (20 events):
Event: 6.154 Executing VM operation: HandshakeAllThreads
Event: 6.154 Executing VM operation: HandshakeAllThreads done
Event: 6.278 Executing VM operation: HandshakeAllThreads
Event: 6.278 Executing VM operation: HandshakeAllThreads done
Event: 6.338 Executing VM operation: ParallelGCFailedAllocation
Event: 6.342 Executing VM operation: ParallelGCFailedAllocation done
Event: 6.497 Executing VM operation: ParallelGCFailedAllocation
Event: 6.503 Executing VM operation: ParallelGCFailedAllocation done
Event: 6.611 Executing VM operation: ParallelGCFailedAllocation
Event: 6.615 Executing VM operation: ParallelGCFailedAllocation done
Event: 6.675 Executing VM operation: ParallelGCFailedAllocation
Event: 6.679 Executing VM operation: ParallelGCFailedAllocation done
Event: 6.757 Executing VM operation: ParallelGCFailedAllocation
Event: 6.762 Executing VM operation: ParallelGCFailedAllocation done
Event: 7.131 Executing VM operation: ParallelGCFailedAllocation
Event: 7.137 Executing VM operation: ParallelGCFailedAllocation done
Event: 7.284 Executing VM operation: HandshakeAllThreads
Event: 7.284 Executing VM operation: HandshakeAllThreads done
Event: 7.869 Executing VM operation: ParallelGCFailedAllocation
Event: 7.871 Executing VM operation: ParallelGCFailedAllocation done

Events (20 events):
Event: 6.867 loading class java/util/concurrent/CompletableFuture$UniAccept done
Event: 6.867 loading class java/util/concurrent/CompletableFuture$UniExceptionally
Event: 6.867 loading class java/util/concurrent/CompletableFuture$UniExceptionally done
Event: 6.869 Thread 0x000002d1ce43a1f0 Thread added: 0x000002d1ce43a1f0
Event: 6.871 loading class jdk/internal/reflect/UnsafeIntegerFieldAccessorImpl
Event: 6.872 loading class jdk/internal/reflect/UnsafeIntegerFieldAccessorImpl done
Event: 6.932 loading class sun/nio/cs/ThreadLocalCoders
Event: 6.933 loading class sun/nio/cs/ThreadLocalCoders done
Event: 6.933 loading class sun/nio/cs/ThreadLocalCoders$1
Event: 6.933 loading class sun/nio/cs/ThreadLocalCoders$Cache
Event: 6.933 loading class sun/nio/cs/ThreadLocalCoders$Cache done
Event: 6.933 loading class sun/nio/cs/ThreadLocalCoders$1 done
Event: 6.933 loading class sun/nio/cs/ThreadLocalCoders$2
Event: 6.933 loading class sun/nio/cs/ThreadLocalCoders$2 done
Event: 6.987 loading class java/lang/ExceptionInInitializerError
Event: 6.988 loading class java/lang/ExceptionInInitializerError done
Event: 7.728 loading class java/util/Vector$1
Event: 7.728 loading class java/util/Vector$1 done
Event: 7.796 Thread 0x000002d1d04ebdf0 Thread exited: 0x000002d1d04ebdf0
Event: 7.833 Thread 0x000002d1cfed0f60 Thread exited: 0x000002d1cfed0f60


Dynamic libraries:
0x00007ff742390000 - 0x00007ff74239e000 	c:\Users\Leevi\.vscode\extensions\redhat.java-1.28.1-win32-x64\jre\17.0.10-win32-x86_64\bin\java.exe
0x00007ffd80d50000 - 0x00007ffd80f48000 	C:\WINDOWS\SYSTEM32\ntdll.dll
0x00007ffd7f810000 - 0x00007ffd7f8cd000 	C:\WINDOWS\System32\KERNEL32.DLL
0x00007ffd7e560000 - 0x00007ffd7e856000 	C:\WINDOWS\System32\KERNELBASE.dll
0x00007ffd7e430000 - 0x00007ffd7e530000 	C:\WINDOWS\System32\ucrtbase.dll
0x00007ffd71fd0000 - 0x00007ffd71fe7000 	c:\Users\Leevi\.vscode\extensions\redhat.java-1.28.1-win32-x64\jre\17.0.10-win32-x86_64\bin\jli.dll
0x00007ffd70c70000 - 0x00007ffd70c8b000 	c:\Users\Leevi\.vscode\extensions\redhat.java-1.28.1-win32-x64\jre\17.0.10-win32-x86_64\bin\VCRUNTIME140.dll
0x00007ffd7ef60000 - 0x00007ffd7f0fe000 	C:\WINDOWS\System32\USER32.dll
0x00007ffd7e530000 - 0x00007ffd7e552000 	C:\WINDOWS\System32\win32u.dll
0x00007ffd6ea90000 - 0x00007ffd6ed2a000 	C:\WINDOWS\WinSxS\amd64_microsoft.windows.common-controls_6595b64144ccf1df_6.0.19041.3636_none_60b6a03d71f818d5\COMCTL32.dll
0x00007ffd7f240000 - 0x00007ffd7f26c000 	C:\WINDOWS\System32\GDI32.dll
0x00007ffd7ec90000 - 0x00007ffd7edaa000 	C:\WINDOWS\System32\gdi32full.dll
0x00007ffd7e920000 - 0x00007ffd7e9bd000 	C:\WINDOWS\System32\msvcp_win.dll
0x00007ffd80c70000 - 0x00007ffd80d0e000 	C:\WINDOWS\System32\msvcrt.dll
0x00007ffd80b90000 - 0x00007ffd80bc0000 	C:\WINDOWS\System32\IMM32.DLL
0x00007ffd77580000 - 0x00007ffd7758c000 	c:\Users\Leevi\.vscode\extensions\redhat.java-1.28.1-win32-x64\jre\17.0.10-win32-x86_64\bin\vcruntime140_1.dll
0x00007ffd51350000 - 0x00007ffd513dd000 	c:\Users\Leevi\.vscode\extensions\redhat.java-1.28.1-win32-x64\jre\17.0.10-win32-x86_64\bin\msvcp140.dll
0x00007ffd0c4f0000 - 0x00007ffd0d152000 	c:\Users\Leevi\.vscode\extensions\redhat.java-1.28.1-win32-x64\jre\17.0.10-win32-x86_64\bin\server\jvm.dll
0x00007ffd7f190000 - 0x00007ffd7f23f000 	C:\WINDOWS\System32\ADVAPI32.dll
0x00007ffd7fae0000 - 0x00007ffd7fb7c000 	C:\WINDOWS\System32\sechost.dll
0x00007ffd80910000 - 0x00007ffd80a36000 	C:\WINDOWS\System32\RPCRT4.dll
0x00007ffd7e290000 - 0x00007ffd7e2db000 	C:\WINDOWS\SYSTEM32\POWRPROF.dll
0x00007ffd75060000 - 0x00007ffd75087000 	C:\WINDOWS\SYSTEM32\WINMM.dll
0x00007ffd77a10000 - 0x00007ffd77a1a000 	C:\WINDOWS\SYSTEM32\VERSION.dll
0x00007ffd76f40000 - 0x00007ffd76f49000 	C:\WINDOWS\SYSTEM32\WSOCK32.dll
0x00007ffd7f8d0000 - 0x00007ffd7f93b000 	C:\WINDOWS\System32\WS2_32.dll
0x00007ffd7e270000 - 0x00007ffd7e282000 	C:\WINDOWS\SYSTEM32\UMPDC.dll
0x00007ffd7cc80000 - 0x00007ffd7cc92000 	C:\WINDOWS\SYSTEM32\kernel.appcore.dll
0x00007ffd72ba0000 - 0x00007ffd72baa000 	c:\Users\Leevi\.vscode\extensions\redhat.java-1.28.1-win32-x64\jre\17.0.10-win32-x86_64\bin\jimage.dll
0x00007ffd7c2c0000 - 0x00007ffd7c4a4000 	C:\WINDOWS\SYSTEM32\DBGHELP.DLL
0x00007ffd6cf60000 - 0x00007ffd6cf94000 	C:\WINDOWS\SYSTEM32\dbgcore.DLL
0x00007ffd7e9f0000 - 0x00007ffd7ea72000 	C:\WINDOWS\System32\bcryptPrimitives.dll
0x00007ffd71f60000 - 0x00007ffd71f6e000 	c:\Users\Leevi\.vscode\extensions\redhat.java-1.28.1-win32-x64\jre\17.0.10-win32-x86_64\bin\instrument.dll
0x00007ffd50780000 - 0x00007ffd507a5000 	c:\Users\Leevi\.vscode\extensions\redhat.java-1.28.1-win32-x64\jre\17.0.10-win32-x86_64\bin\java.dll
0x00007ffd70c00000 - 0x00007ffd70c18000 	c:\Users\Leevi\.vscode\extensions\redhat.java-1.28.1-win32-x64\jre\17.0.10-win32-x86_64\bin\zip.dll
0x00007ffd7fcc0000 - 0x00007ffd80404000 	C:\WINDOWS\System32\SHELL32.dll
0x00007ffd7c4b0000 - 0x00007ffd7cc4b000 	C:\WINDOWS\SYSTEM32\windows.storage.dll
0x00007ffd80530000 - 0x00007ffd80884000 	C:\WINDOWS\System32\combase.dll
0x00007ffd7dda0000 - 0x00007ffd7ddcd000 	C:\WINDOWS\SYSTEM32\Wldp.dll
0x00007ffd80bc0000 - 0x00007ffd80c6d000 	C:\WINDOWS\System32\SHCORE.dll
0x00007ffd7fc60000 - 0x00007ffd7fcb5000 	C:\WINDOWS\System32\shlwapi.dll
0x00007ffd7e360000 - 0x00007ffd7e385000 	C:\WINDOWS\SYSTEM32\profapi.dll
0x00007ffd5de90000 - 0x00007ffd5dea9000 	C:\Users\Leevi\.vscode\extensions\redhat.java-1.28.1-win32-x64\jre\17.0.10-win32-x86_64\bin\net.dll
0x00007ffd75350000 - 0x00007ffd7545a000 	C:\WINDOWS\SYSTEM32\WINHTTP.dll
0x00007ffd7db00000 - 0x00007ffd7db6a000 	C:\WINDOWS\system32\mswsock.dll
0x00007ffd5ad60000 - 0x00007ffd5ad76000 	C:\Users\Leevi\.vscode\extensions\redhat.java-1.28.1-win32-x64\jre\17.0.10-win32-x86_64\bin\nio.dll
0x00007ffd71a90000 - 0x00007ffd71aa0000 	c:\Users\Leevi\.vscode\extensions\redhat.java-1.28.1-win32-x64\jre\17.0.10-win32-x86_64\bin\verify.dll
0x00007ffd77540000 - 0x00007ffd7757e000 	C:\Users\Leevi\AppData\Roaming\Code\User\globalStorage\redhat.java\1.28.1\config_ss_win\org.eclipse.equinox.launcher\org.eclipse.equinox.launcher.win32.win32.x86_64_1.2.900.v20240129-1338\eclipse_11900.dll
0x00007ffd7f6e0000 - 0x00007ffd7f80b000 	C:\WINDOWS\System32\ole32.dll
0x00007ffd7dcf0000 - 0x00007ffd7dd08000 	C:\WINDOWS\SYSTEM32\CRYPTSP.dll
0x00007ffd7d430000 - 0x00007ffd7d464000 	C:\WINDOWS\system32\rsaenh.dll
0x00007ffd7e9c0000 - 0x00007ffd7e9e7000 	C:\WINDOWS\System32\bcrypt.dll
0x00007ffd7e320000 - 0x00007ffd7e34e000 	C:\WINDOWS\SYSTEM32\USERENV.dll
0x00007ffd7dd10000 - 0x00007ffd7dd1c000 	C:\WINDOWS\SYSTEM32\CRYPTBASE.dll
0x00007ffd7d7f0000 - 0x00007ffd7d82b000 	C:\WINDOWS\SYSTEM32\IPHLPAPI.DLL
0x00007ffd7f180000 - 0x00007ffd7f188000 	C:\WINDOWS\System32\NSI.dll
0x00007ffd762f0000 - 0x00007ffd76307000 	C:\WINDOWS\SYSTEM32\dhcpcsvc6.DLL
0x00007ffd76d90000 - 0x00007ffd76dad000 	C:\WINDOWS\SYSTEM32\dhcpcsvc.DLL
0x00007ffd7d830000 - 0x00007ffd7d8fa000 	C:\WINDOWS\SYSTEM32\DNSAPI.dll
0x00007ffd71ff0000 - 0x00007ffd72035000 	C:\Users\Leevi\AppData\Local\Temp\jna-73297311\jna2197484684320853767.dll
0x00007ffd80a40000 - 0x00007ffd80a48000 	C:\WINDOWS\System32\PSAPI.DLL

dbghelp: loaded successfully - version: 4.0.5 - missing functions: none
symbol engine: initialized successfully - sym options: 0x614 - pdb path: .;c:\Users\Leevi\.vscode\extensions\redhat.java-1.28.1-win32-x64\jre\17.0.10-win32-x86_64\bin;C:\WINDOWS\SYSTEM32;C:\WINDOWS\WinSxS\amd64_microsoft.windows.common-controls_6595b64144ccf1df_6.0.19041.3636_none_60b6a03d71f818d5;c:\Users\Leevi\.vscode\extensions\redhat.java-1.28.1-win32-x64\jre\17.0.10-win32-x86_64\bin\server;C:\Users\Leevi\AppData\Roaming\Code\User\globalStorage\redhat.java\1.28.1\config_ss_win\org.eclipse.equinox.launcher\org.eclipse.equinox.launcher.win32.win32.x86_64_1.2.900.v20240129-1338;C:\Users\Leevi\AppData\Local\Temp\jna-73297311

VM Arguments:
jvm_args: --add-modules=ALL-SYSTEM --add-opens=java.base/java.util=ALL-UNNAMED --add-opens=java.base/java.lang=ALL-UNNAMED --add-opens=java.base/sun.nio.fs=ALL-UNNAMED -Declipse.application=org.eclipse.jdt.ls.core.id1 -Dosgi.bundles.defaultStartLevel=4 -Declipse.product=org.eclipse.jdt.ls.core.product -Djava.import.generatesMetadataFilesAtProjectRoot=false -DDetectVMInstallationsJob.disabled=true -Dfile.encoding=utf8 -XX:+UseParallelGC -XX:GCTimeRatio=4 -XX:AdaptiveSizePolicyWeight=90 -Dsun.zip.disableMemoryMapping=true -Xmx1G -Xms100m -Xlog:disable -javaagent:c:\Users\Leevi\.vscode\extensions\redhat.java-1.28.1-win32-x64\lombok\lombok-1.18.31.jar 
java_command: c:\Users\Leevi\.vscode\extensions\redhat.java-1.28.1-win32-x64\server\plugins\org.eclipse.equinox.launcher_1.6.700.v20231214-2017.jar -configuration c:\Users\Leevi\AppData\Roaming\Code\User\globalStorage\redhat.java\1.28.1\config_ss_win -data c:\Users\Leevi\AppData\Roaming\Code\User\workspaceStorage\f5bfd02e44ec00a35949257da3e972b3\redhat.java\ss_ws --stdio
java_class_path (initial): c:\Users\Leevi\.vscode\extensions\redhat.java-1.28.1-win32-x64\server\plugins\org.eclipse.equinox.launcher_1.6.700.v20231214-2017.jar
Launcher Type: SUN_STANDARD

[Global flags]
    uintx AdaptiveSizePolicyWeight                 = 90                                        {product} {command line}
     intx CICompilerCount                          = 4                                         {product} {ergonomic}
    uintx GCTimeRatio                              = 4                                         {product} {command line}
   size_t InitialHeapSize                          = 104857600                                 {product} {command line}
   size_t MaxHeapSize                              = 1073741824                                {product} {command line}
   size_t MaxNewSize                               = 357564416                                 {product} {ergonomic}
   size_t MinHeapDeltaBytes                        = 524288                                    {product} {ergonomic}
   size_t MinHeapSize                              = 104857600                                 {product} {command line}
   size_t NewSize                                  = 34603008                                  {product} {ergonomic}
    uintx NonNMethodCodeHeapSize                   = 5839372                                {pd product} {ergonomic}
    uintx NonProfiledCodeHeapSize                  = 122909434                              {pd product} {ergonomic}
   size_t OldSize                                  = 70254592                                  {product} {ergonomic}
    uintx ProfiledCodeHeapSize                     = 122909434                              {pd product} {ergonomic}
    uintx ReservedCodeCacheSize                    = 251658240                              {pd product} {ergonomic}
     bool SegmentedCodeCache                       = true                                      {product} {ergonomic}
   size_t SoftMaxHeapSize                          = 1073741824                             {manageable} {ergonomic}
     bool UseCompressedClassPointers               = true                           {product lp64_product} {ergonomic}
     bool UseCompressedOops                        = true                           {product lp64_product} {ergonomic}
     bool UseLargePagesIndividualAllocation        = false                                  {pd product} {ergonomic}
     bool UseParallelGC                            = true                                      {product} {command line}

Logging:
Log output configuration:
 #0: stdout all=off uptime,level,tags
 #1: stderr all=off uptime,level,tags

Environment Variables:
JAVA_HOME=C:\Users\Leevi\AppData\Local\Programs\Eclipse Adoptium\jdk-17.0.8.101-hotspot\
PATH=C:\Program Files (x86)\NVIDIA Corporation\PhysX\Common;C:\WINDOWS\system32;C:\WINDOWS;C:\WINDOWS\System32\Wbem;C:\WINDOWS\System32\WindowsPowerShell\v1.0\;C:\WINDOWS\System32\OpenSSH\;C:\Program Files\Git\cmd;C:\Program Files\nodejs\;C:\Program Files\PuTTY\;C:\Users\Leevi\AppData\Local\Programs\Eclipse Adoptium\jdk-17.0.8.101-hotspot\bin;C:\Users\Leevi\AppData\Local\Microsoft\WindowsApps;;C:\Users\Leevi\AppData\Local\Programs\Microsoft VS Code\bin;C:\Users\Leevi\AppData\Roaming\npm
USERNAME=Leevi
OS=Windows_NT
PROCESSOR_IDENTIFIER=AMD64 Family 23 Model 17 Stepping 0, AuthenticAMD
TMP=C:\Users\Leevi\AppData\Local\Temp
TEMP=C:\Users\Leevi\AppData\Local\Temp



Periodic native trim disabled


---------------  S Y S T E M  ---------------

OS:
 Windows 10 , 64 bit Build 19041 (10.0.19041.3636)
OS uptime: 27 days 22:50 hours

CPU: total 8 (initial active 8) (8 cores per cpu, 2 threads per core) family 23 model 17 stepping 0 microcode 0x0, cx8, cmov, fxsr, ht, mmx, 3dnowpref, sse, sse2, sse3, ssse3, sse4a, sse4.1, sse4.2, popcnt, lzcnt, tsc, tscinvbit, avx, avx2, aes, clmul, bmi1, bmi2, adx, sha, fma, vzeroupper, clflush, clflushopt
Processor Information for all 8 processors :
  Max Mhz: 2000, Current Mhz: 2000, Mhz Limit: 2000

Memory: 4k page, system-wide physical 7123M (814M free)
TotalPageFile size 8909M (AvailPageFile size 182M)
current process WorkingSet (physical memory assigned to process): 169M, peak: 171M
current process commit charge ("private bytes"): 253M, peak: 261M

vm_info: OpenJDK 64-Bit Server VM (17.0.10+7) for windows-amd64 JRE (17.0.10+7), built on Jan 16 2024 23:25:11 by "admin" with MS VC++ 16.10 / 16.11 (VS2019)

END.
