#
# There is insufficient memory for the Java Runtime Environment to continue.
# Native memory allocation (malloc) failed to allocate 2097152 bytes for AllocateHeap
# Possible reasons:
#   The system is out of physical RAM or swap space
#   The process is running with CompressedOops enabled, and the Java Heap may be blocking the growth of the native heap
# Possible solutions:
#   Reduce memory load on the system
#   Increase physical memory or swap space
#   Check if swap backing store is full
#   Decrease Java heap size (-Xmx/-Xms)
#   Decrease number of Java threads
#   Decrease Java thread stack sizes (-Xss)
#   Set larger code cache with -XX:ReservedCodeCacheSize=
#   JVM is running with Unscaled Compressed Oops mode in which the Java heap is
#     placed in the first 4GB address space. The Java Heap base address is the
#     maximum limit for the native heap growth. Please use -XX:HeapBaseMinAddress
#     to set the Java Heap base and to place the Java Heap above 4GB virtual address.
# This output file may be truncated or incomplete.
#
#  Out of Memory Error (allocation.cpp:44), pid=14304, tid=328
#
# JRE version: OpenJDK Runtime Environment Temurin-17.0.10+7 (17.0.10+7) (build 17.0.10+7)
# Java VM: OpenJDK 64-Bit Server VM Temurin-17.0.10+7 (17.0.10+7, mixed mode, emulated-client, tiered, compressed oops, compressed class ptrs, g1 gc, windows-amd64)
# No core dump will be written. Minidumps are not enabled by default on client versions of Windows
#

---------------  S U M M A R Y ------------

Command Line: -XX:+HeapDumpOnOutOfMemoryError -Xmx1024m -Dsts.lsp.client=vscode -Dsts.log.file=/dev/null -XX:TieredStopAtLevel=1 -Xlog:jni+resolve=off -Dspring.config.location=file:c:\Users\Leevi\.vscode\extensions\vmware.vscode-spring-boot-1.53.0\language-server\BOOT-INF\classes\application.properties org.springframework.ide.vscode.boot.app.BootLanguageServerBootApp

Host: AMD Ryzen 5 2500U with Radeon Vega Mobile Gfx  , 8 cores, 6G,  Windows 10 , 64 bit Build 19041 (10.0.19041.3636)
Time: Mon Mar 25 12:01:55 2024 FLE Standard Time elapsed time: 1005.428002 seconds (0d 0h 16m 45s)

---------------  T H R E A D  ---------------

Current thread (0x000002bcf81a5e80):  VMThread "VM Thread" [stack: 0x000000d2c6a00000,0x000000d2c6b00000] [id=328]

Stack: [0x000000d2c6a00000,0x000000d2c6b00000]
Native frames: (J=compiled Java code, j=interpreted, Vv=VM code, C=native code)
V  [jvm.dll+0x67d2c9]
V  [jvm.dll+0x834afa]
V  [jvm.dll+0x8365be]
V  [jvm.dll+0x836c23]
V  [jvm.dll+0x2477ff]
V  [jvm.dll+0xa6c93]
V  [jvm.dll+0x2f86f1]
V  [jvm.dll+0x2f42e0]
V  [jvm.dll+0x2dc8c7]
V  [jvm.dll+0x31fb87]
V  [jvm.dll+0x83b11b]
V  [jvm.dll+0x83be61]
V  [jvm.dll+0x83c37d]
V  [jvm.dll+0x83c754]
V  [jvm.dll+0x83c820]
V  [jvm.dll+0x7e3fba]
V  [jvm.dll+0x67c1b5]
C  [ucrtbase.dll+0x21bb2]
C  [KERNEL32.DLL+0x17344]
C  [ntdll.dll+0x526b1]

VM_Operation (0x000000d2c7dff160): G1CollectFull, mode: safepoint, requested by thread 0x000002bcf8e6e770


---------------  P R O C E S S  ---------------

Threads class SMR info:
_java_thread_list=0x000002bcff18b4e0, length=27, elements={
0x000002bcf81ba740, 0x000002bcf81bb4d0, 0x000002bcf81e8780, 0x000002bcf81e9250,
0x000002bcf81ebb30, 0x000002bcf81ecba0, 0x000002bcf81ed520, 0x000002bcf8320060,
0x000002bcf850cd80, 0x000002bcf8516390, 0x000002bcf8e6e290, 0x000002bcf8e6e770,
0x000002bcf8818950, 0x000002bceb3b4a80, 0x000002bcfdcc8090, 0x000002bcfdcfd690,
0x000002bcfd762310, 0x000002bcfd7618f0, 0x000002bcfd763240, 0x000002bcfd764170,
0x000002bcfd763c60, 0x000002bcfd763750, 0x000002bcfd762820, 0x000002bcf8db8e80,
0x000002bcf8dbc630, 0x000002bcf8dba7d0, 0x000002bcf8db9390
}

Java Threads: ( => current thread )
  0x000002bcf81ba740 JavaThread "Reference Handler" daemon [_thread_blocked, id=11256, stack(0x000000d2c6b00000,0x000000d2c6c00000)]
  0x000002bcf81bb4d0 JavaThread "Finalizer" daemon [_thread_blocked, id=20496, stack(0x000000d2c6c00000,0x000000d2c6d00000)]
  0x000002bcf81e8780 JavaThread "Signal Dispatcher" daemon [_thread_blocked, id=11056, stack(0x000000d2c6d00000,0x000000d2c6e00000)]
  0x000002bcf81e9250 JavaThread "Attach Listener" daemon [_thread_blocked, id=19524, stack(0x000000d2c6e00000,0x000000d2c6f00000)]
  0x000002bcf81ebb30 JavaThread "Service Thread" daemon [_thread_blocked, id=16472, stack(0x000000d2c6f00000,0x000000d2c7000000)]
  0x000002bcf81ecba0 JavaThread "Monitor Deflation Thread" daemon [_thread_blocked, id=6944, stack(0x000000d2c7000000,0x000000d2c7100000)]
  0x000002bcf81ed520 JavaThread "C1 CompilerThread0" daemon [_thread_blocked, id=16688, stack(0x000000d2c7100000,0x000000d2c7200000)]
  0x000002bcf8320060 JavaThread "Sweeper thread" daemon [_thread_blocked, id=1256, stack(0x000000d2c7200000,0x000000d2c7300000)]
  0x000002bcf850cd80 JavaThread "Notification Thread" daemon [_thread_blocked, id=10872, stack(0x000000d2c7500000,0x000000d2c7600000)]
  0x000002bcf8516390 JavaThread "Common-Cleaner" daemon [_thread_blocked, id=22140, stack(0x000000d2c7700000,0x000000d2c7800000)]
  0x000002bcf8e6e290 JavaThread "boundedElastic-evictor-1" daemon [_thread_blocked, id=592, stack(0x000000d2c7c00000,0x000000d2c7d00000)]
  0x000002bcf8e6e770 JavaThread "pool-13-thread-1" [_thread_blocked, id=8984, stack(0x000000d2c7d00000,0x000000d2c7e00000)]
  0x000002bcf8818950 JavaThread "LanguageServerApp-lifecycle" [_thread_blocked, id=14920, stack(0x000000d2c7e00000,0x000000d2c7f00000)]
  0x000002bceb3b4a80 JavaThread "DestroyJavaVM" [_thread_blocked, id=12036, stack(0x000000d2c6400000,0x000000d2c6500000)]
  0x000002bcfdcc8090 JavaThread "pool-14-thread-1" [_thread_in_native, id=3852, stack(0x000000d2c8200000,0x000000d2c8300000)]
  0x000002bcfdcfd690 JavaThread "Simple-Language-Server main thread" daemon [_thread_blocked, id=20944, stack(0x000000d2c8300000,0x000000d2c8400000)]
  0x000002bcfd762310 JavaThread "pool-8-thread-1" [_thread_blocked, id=19240, stack(0x000000d2c8700000,0x000000d2c8800000)]
  0x000002bcfd7618f0 JavaThread "parallel-1" daemon [_thread_blocked, id=2400, stack(0x000000d2c8800000,0x000000d2c8900000)]
  0x000002bcfd763240 JavaThread "parallel-2" daemon [_thread_blocked, id=15216, stack(0x000000d2c8900000,0x000000d2c8a00000)]
  0x000002bcfd764170 JavaThread "pool-6-thread-1" [_thread_blocked, id=19060, stack(0x000000d2c8a00000,0x000000d2c8b00000)]
  0x000002bcfd763c60 JavaThread "parallel-3" daemon [_thread_blocked, id=19392, stack(0x000000d2c8b00000,0x000000d2c8c00000)]
  0x000002bcfd763750 JavaThread "parallel-4" daemon [_thread_blocked, id=18100, stack(0x000000d2c8c00000,0x000000d2c8d00000)]
  0x000002bcfd762820 JavaThread "parallel-5" daemon [_thread_blocked, id=21752, stack(0x000000d2c8d00000,0x000000d2c8e00000)]
  0x000002bcf8db8e80 JavaThread "parallel-6" daemon [_thread_blocked, id=15576, stack(0x000000d2c9500000,0x000000d2c9600000)]
  0x000002bcf8dbc630 JavaThread "parallel-7" daemon [_thread_blocked, id=5528, stack(0x000000d2c9600000,0x000000d2c9700000)]
  0x000002bcf8dba7d0 JavaThread "parallel-8" daemon [_thread_blocked, id=20236, stack(0x000000d2c9700000,0x000000d2c9800000)]
  0x000002bcf8db9390 JavaThread "Reconciler-1" daemon [_thread_blocked, id=20888, stack(0x000000d2c9800000,0x000000d2c9900000)]

Other Threads:
=>0x000002bcf81a5e80 VMThread "VM Thread" [stack: 0x000000d2c6a00000,0x000000d2c6b00000] [id=328]
  0x000002bcf850d670 WatcherThread [stack: 0x000000d2c7600000,0x000000d2c7700000] [id=21872]
  0x000002bceb3f2ba0 GCTaskThread "GC Thread#0" [stack: 0x000000d2c6500000,0x000000d2c6600000] [id=1488]
  0x000002bcf83a51f0 GCTaskThread "GC Thread#1" [stack: 0x000000d2c7400000,0x000000d2c7500000] [id=21400]
  0x000002bcf8353cf0 GCTaskThread "GC Thread#2" [stack: 0x000000d2c7800000,0x000000d2c7900000] [id=3208]
  0x000002bcfd26fc60 GCTaskThread "GC Thread#3" [stack: 0x000000d2c7900000,0x000000d2c7a00000] [id=14408]
  0x000002bcf8e42280 GCTaskThread "GC Thread#4" [stack: 0x000000d2c7a00000,0x000000d2c7b00000] [id=5688]
  0x000002bcfd2f0850 GCTaskThread "GC Thread#5" [stack: 0x000000d2c7b00000,0x000000d2c7c00000] [id=20600]
  0x000002bcfd7394d0 GCTaskThread "GC Thread#6" [stack: 0x000000d2c7f00000,0x000000d2c8000000] [id=13172]
  0x000002bcfd71b510 GCTaskThread "GC Thread#7" [stack: 0x000000d2c8000000,0x000000d2c8100000] [id=17116]
  0x000002bceb3fba00 ConcurrentGCThread "G1 Main Marker" [stack: 0x000000d2c6600000,0x000000d2c6700000] [id=1512]
  0x000002bceb3fc330 ConcurrentGCThread "G1 Conc#0" [stack: 0x000000d2c6700000,0x000000d2c6800000] [id=12052]
  0x000002bcfd6ed980 ConcurrentGCThread "G1 Conc#1" [stack: 0x000000d2c8100000,0x000000d2c8200000] [id=1748]
  0x000002bceb45f370 ConcurrentGCThread "G1 Refine#0" [stack: 0x000000d2c6800000,0x000000d2c6900000] [id=19952]
  0x000002bceb45fcb0 ConcurrentGCThread "G1 Service" [stack: 0x000000d2c6900000,0x000000d2c6a00000] [id=12860]

Threads with active compile tasks:

VM state: at safepoint (normal execution)

VM Mutex/Monitor currently owned by a thread:  ([mutex/lock_event])
[0x000002bceb1503e0] Threads_lock - owner thread: 0x000002bcf81a5e80
[0x000002bceb3b2020] Heap_lock - owner thread: 0x000002bcf8e6e770

Heap address: 0x00000000c0000000, size: 1024 MB, Compressed Oops mode: 32-bit

CDS archive(s) not mapped
Compressed class space mapped at: 0x0000000100000000-0x0000000140000000, reserved size: 1073741824
Narrow klass base: 0x0000000000000000, Narrow klass shift: 3, Narrow klass range: 0x140000000

GC Precious Log:
 CPUs: 8 total, 8 available
 Memory: 7123M
 Large Page Support: Disabled
 NUMA Support: Disabled
 Compressed Oops: Enabled (32-bit)
 Heap Region Size: 1M
 Heap Min Capacity: 8M
 Heap Initial Capacity: 112M
 Heap Max Capacity: 1G
 Pre-touch: Disabled
 Parallel Workers: 8
 Concurrent Workers: 2
 Concurrent Refinement Workers: 8
 Periodic GC: Disabled

Heap:
 garbage-first heap   total 103424K, used 35662K [0x00000000c0000000, 0x0000000100000000)
  region size 1024K, 1 young (1024K), 0 survivors (0K)
 Metaspace       used 60432K, committed 60928K, reserved 1114112K
  class space    used 7519K, committed 7744K, reserved 1048576K

Heap Regions: E=young(eden), S=young(survivor), O=old, HS=humongous(starts), HC=humongous(continues), CS=collection set, F=free, OA=open archive, CA=closed archive, TAMS=top-at-mark-start (previous, next)
|   0|0x00000000c0000000, 0x00000000c0100000, 0x00000000c0100000|100%|HS|  |TAMS 0x00000000c0100000, 0x00000000c0000000| Untracked 
|   1|0x00000000c0100000, 0x00000000c0200000, 0x00000000c0200000|100%|HC|  |TAMS 0x00000000c0200000, 0x00000000c0100000| Untracked 
|   2|0x00000000c0200000, 0x00000000c0300000, 0x00000000c0300000|100%|HC|  |TAMS 0x00000000c0300000, 0x00000000c0200000| Untracked 
|   3|0x00000000c0300000, 0x00000000c0400000, 0x00000000c0400000|100%|HC|  |TAMS 0x00000000c0400000, 0x00000000c0300000| Untracked 
|   4|0x00000000c0400000, 0x00000000c0500000, 0x00000000c0500000|100%|HS|  |TAMS 0x00000000c0500000, 0x00000000c0400000| Untracked 
|   5|0x00000000c0500000, 0x00000000c0600000, 0x00000000c0600000|100%|HC|  |TAMS 0x00000000c0600000, 0x00000000c0500000| Untracked 
|   6|0x00000000c0600000, 0x00000000c06fffe8, 0x00000000c0700000| 99%| O|  |TAMS 0x00000000c06fffe8, 0x00000000c0600000| Untracked 
|   7|0x00000000c0700000, 0x00000000c0800000, 0x00000000c0800000|100%| O|  |TAMS 0x00000000c0800000, 0x00000000c0700000| Untracked 
|   8|0x00000000c0800000, 0x00000000c08ffff0, 0x00000000c0900000| 99%| O|  |TAMS 0x00000000c08ffff0, 0x00000000c0800000| Untracked 
|   9|0x00000000c0900000, 0x00000000c09fffb0, 0x00000000c0a00000| 99%| O|  |TAMS 0x00000000c09fffb0, 0x00000000c0900000| Untracked 
|  10|0x00000000c0a00000, 0x00000000c0b00000, 0x00000000c0b00000|100%| O|  |TAMS 0x00000000c0b00000, 0x00000000c0a00000| Untracked 
|  11|0x00000000c0b00000, 0x00000000c0c00000, 0x00000000c0c00000|100%| O|  |TAMS 0x00000000c0c00000, 0x00000000c0b00000| Untracked 
|  12|0x00000000c0c00000, 0x00000000c0cfff98, 0x00000000c0d00000| 99%| O|  |TAMS 0x00000000c0cfff98, 0x00000000c0c00000| Untracked 
|  13|0x00000000c0d00000, 0x00000000c0dffff8, 0x00000000c0e00000| 99%| O|  |TAMS 0x00000000c0dffff8, 0x00000000c0d00000| Untracked 
|  14|0x00000000c0e00000, 0x00000000c0f00000, 0x00000000c0f00000|100%| O|  |TAMS 0x00000000c0f00000, 0x00000000c0e00000| Untracked 
|  15|0x00000000c0f00000, 0x00000000c0ffffd8, 0x00000000c1000000| 99%| O|  |TAMS 0x00000000c0ffffd8, 0x00000000c0f00000| Untracked 
|  16|0x00000000c1000000, 0x00000000c10ffd00, 0x00000000c1100000| 99%| O|  |TAMS 0x00000000c10ffd00, 0x00000000c1000000| Untracked 
|  17|0x00000000c1100000, 0x00000000c11fffd8, 0x00000000c1200000| 99%| O|  |TAMS 0x00000000c11fffd8, 0x00000000c1100000| Untracked 
|  18|0x00000000c1200000, 0x00000000c12fffb0, 0x00000000c1300000| 99%| O|  |TAMS 0x00000000c12fffb0, 0x00000000c1200000| Untracked 
|  19|0x00000000c1300000, 0x00000000c1400000, 0x00000000c1400000|100%| O|  |TAMS 0x00000000c1400000, 0x00000000c1300000| Untracked 
|  20|0x00000000c1400000, 0x00000000c14ffff8, 0x00000000c1500000| 99%| O|  |TAMS 0x00000000c14ffff8, 0x00000000c1400000| Untracked 
|  21|0x00000000c1500000, 0x00000000c15ffff0, 0x00000000c1600000| 99%| O|  |TAMS 0x00000000c15ffff0, 0x00000000c1500000| Untracked 
|  22|0x00000000c1600000, 0x00000000c1700000, 0x00000000c1700000|100%| O|  |TAMS 0x00000000c1700000, 0x00000000c1600000| Untracked 
|  23|0x00000000c1700000, 0x00000000c17fab18, 0x00000000c1800000| 97%| O|  |TAMS 0x00000000c17fab18, 0x00000000c1700000| Untracked 
|  24|0x00000000c1800000, 0x00000000c18ffff8, 0x00000000c1900000| 99%| O|  |TAMS 0x00000000c18ffff8, 0x00000000c1800000| Untracked 
|  25|0x00000000c1900000, 0x00000000c19ffff8, 0x00000000c1a00000| 99%| O|  |TAMS 0x00000000c19ffff8, 0x00000000c1900000| Untracked 
|  26|0x00000000c1a00000, 0x00000000c1b00000, 0x00000000c1b00000|100%|HS|  |TAMS 0x00000000c1b00000, 0x00000000c1a00000| Untracked 
|  27|0x00000000c1b00000, 0x00000000c1bf75c0, 0x00000000c1c00000| 96%| O|  |TAMS 0x00000000c1bf75c0, 0x00000000c1b00000| Untracked 
|  28|0x00000000c1c00000, 0x00000000c1cfffe0, 0x00000000c1d00000| 99%| O|  |TAMS 0x00000000c1cfffe0, 0x00000000c1c00000| Untracked 
|  29|0x00000000c1d00000, 0x00000000c1df81a8, 0x00000000c1e00000| 96%| O|  |TAMS 0x00000000c1df81a8, 0x00000000c1d00000| Untracked 
|  30|0x00000000c1e00000, 0x00000000c1ef8e90, 0x00000000c1f00000| 97%| O|  |TAMS 0x00000000c1ef8e90, 0x00000000c1e00000| Untracked 
|  31|0x00000000c1f00000, 0x00000000c2000000, 0x00000000c2000000|100%| O|  |TAMS 0x00000000c2000000, 0x00000000c1f00000| Untracked 
|  32|0x00000000c2000000, 0x00000000c20c7b38, 0x00000000c2100000| 78%| O|  |TAMS 0x00000000c2000000, 0x00000000c2000000| Untracked 
|  33|0x00000000c2100000, 0x00000000c21297d8, 0x00000000c2200000| 16%| O|  |TAMS 0x00000000c2100000, 0x00000000c2100000| Untracked 
|  34|0x00000000c2200000, 0x00000000c2200000, 0x00000000c2300000|  0%| F|  |TAMS 0x00000000c2200000, 0x00000000c2200000| Untracked 
|  35|0x00000000c2300000, 0x00000000c2300000, 0x00000000c2400000|  0%| F|  |TAMS 0x00000000c2300000, 0x00000000c2300000| Untracked 
|  36|0x00000000c2400000, 0x00000000c2400000, 0x00000000c2500000|  0%| F|  |TAMS 0x00000000c2400000, 0x00000000c2400000| Untracked 
|  37|0x00000000c2500000, 0x00000000c2600000, 0x00000000c2600000|100%| O|  |TAMS 0x00000000c2600000, 0x00000000c2500000| Untracked 
|  38|0x00000000c2600000, 0x00000000c2600000, 0x00000000c2700000|  0%| F|  |TAMS 0x00000000c2600000, 0x00000000c2600000| Untracked 
|  39|0x00000000c2700000, 0x00000000c27ffc20, 0x00000000c2800000| 99%| O|  |TAMS 0x00000000c27ffc20, 0x00000000c2700000| Untracked 
|  40|0x00000000c2800000, 0x00000000c2800000, 0x00000000c2900000|  0%| F|  |TAMS 0x00000000c2800000, 0x00000000c2800000| Untracked 
|  41|0x00000000c2900000, 0x00000000c2900000, 0x00000000c2a00000|  0%| F|  |TAMS 0x00000000c2900000, 0x00000000c2900000| Untracked 
|  42|0x00000000c2a00000, 0x00000000c2a00000, 0x00000000c2b00000|  0%| F|  |TAMS 0x00000000c2a00000, 0x00000000c2a00000| Untracked 
|  43|0x00000000c2b00000, 0x00000000c2b00000, 0x00000000c2c00000|  0%| F|  |TAMS 0x00000000c2b00000, 0x00000000c2b00000| Untracked 
|  44|0x00000000c2c00000, 0x00000000c2c00000, 0x00000000c2d00000|  0%| F|  |TAMS 0x00000000c2c00000, 0x00000000c2c00000| Untracked 
|  45|0x00000000c2d00000, 0x00000000c2d00000, 0x00000000c2e00000|  0%| F|  |TAMS 0x00000000c2d00000, 0x00000000c2d00000| Untracked 
|  46|0x00000000c2e00000, 0x00000000c2e00000, 0x00000000c2f00000|  0%| F|  |TAMS 0x00000000c2e00000, 0x00000000c2e00000| Untracked 
|  47|0x00000000c2f00000, 0x00000000c2f00000, 0x00000000c3000000|  0%| F|  |TAMS 0x00000000c2f00000, 0x00000000c2f00000| Untracked 
|  48|0x00000000c3000000, 0x00000000c3000000, 0x00000000c3100000|  0%| F|  |TAMS 0x00000000c3000000, 0x00000000c3000000| Untracked 
|  49|0x00000000c3100000, 0x00000000c3100000, 0x00000000c3200000|  0%| F|  |TAMS 0x00000000c3100000, 0x00000000c3100000| Untracked 
|  50|0x00000000c3200000, 0x00000000c3200000, 0x00000000c3300000|  0%| F|  |TAMS 0x00000000c3200000, 0x00000000c3200000| Untracked 
|  51|0x00000000c3300000, 0x00000000c3300000, 0x00000000c3400000|  0%| F|  |TAMS 0x00000000c3300000, 0x00000000c3300000| Untracked 
|  52|0x00000000c3400000, 0x00000000c3400000, 0x00000000c3500000|  0%| F|  |TAMS 0x00000000c3400000, 0x00000000c3400000| Untracked 
|  53|0x00000000c3500000, 0x00000000c3500000, 0x00000000c3600000|  0%| F|  |TAMS 0x00000000c3500000, 0x00000000c3500000| Untracked 
|  54|0x00000000c3600000, 0x00000000c3600000, 0x00000000c3700000|  0%| F|  |TAMS 0x00000000c3600000, 0x00000000c3600000| Untracked 
|  55|0x00000000c3700000, 0x00000000c3700000, 0x00000000c3800000|  0%| F|  |TAMS 0x00000000c3700000, 0x00000000c3700000| Untracked 
|  56|0x00000000c3800000, 0x00000000c3800000, 0x00000000c3900000|  0%| F|  |TAMS 0x00000000c3800000, 0x00000000c3800000| Untracked 
|  57|0x00000000c3900000, 0x00000000c3900000, 0x00000000c3a00000|  0%| F|  |TAMS 0x00000000c3900000, 0x00000000c3900000| Untracked 
|  58|0x00000000c3a00000, 0x00000000c3a00000, 0x00000000c3b00000|  0%| F|  |TAMS 0x00000000c3a00000, 0x00000000c3a00000| Untracked 
|  59|0x00000000c3b00000, 0x00000000c3b00000, 0x00000000c3c00000|  0%| F|  |TAMS 0x00000000c3b00000, 0x00000000c3b00000| Untracked 
|  60|0x00000000c3c00000, 0x00000000c3c00000, 0x00000000c3d00000|  0%| F|  |TAMS 0x00000000c3c00000, 0x00000000c3c00000| Untracked 
|  61|0x00000000c3d00000, 0x00000000c3d00000, 0x00000000c3e00000|  0%| F|  |TAMS 0x00000000c3d00000, 0x00000000c3d00000| Untracked 
|  62|0x00000000c3e00000, 0x00000000c3e00000, 0x00000000c3f00000|  0%| F|  |TAMS 0x00000000c3e00000, 0x00000000c3e00000| Untracked 
|  63|0x00000000c3f00000, 0x00000000c3f00000, 0x00000000c4000000|  0%| F|  |TAMS 0x00000000c3f00000, 0x00000000c3f00000| Untracked 
|  64|0x00000000c4000000, 0x00000000c4000000, 0x00000000c4100000|  0%| F|  |TAMS 0x00000000c4000000, 0x00000000c4000000| Untracked 
|  65|0x00000000c4100000, 0x00000000c4100000, 0x00000000c4200000|  0%| F|  |TAMS 0x00000000c4100000, 0x00000000c4100000| Untracked 
|  66|0x00000000c4200000, 0x00000000c4200000, 0x00000000c4300000|  0%| F|  |TAMS 0x00000000c4200000, 0x00000000c4200000| Untracked 
|  67|0x00000000c4300000, 0x00000000c4300000, 0x00000000c4400000|  0%| F|  |TAMS 0x00000000c4300000, 0x00000000c4300000| Untracked 
|  68|0x00000000c4400000, 0x00000000c4400000, 0x00000000c4500000|  0%| F|  |TAMS 0x00000000c4400000, 0x00000000c4400000| Untracked 
|  69|0x00000000c4500000, 0x00000000c4500000, 0x00000000c4600000|  0%| F|  |TAMS 0x00000000c4500000, 0x00000000c4500000| Untracked 
|  70|0x00000000c4600000, 0x00000000c4600000, 0x00000000c4700000|  0%| F|  |TAMS 0x00000000c4600000, 0x00000000c4600000| Untracked 
|  71|0x00000000c4700000, 0x00000000c4700000, 0x00000000c4800000|  0%| F|  |TAMS 0x00000000c4700000, 0x00000000c4700000| Untracked 
|  72|0x00000000c4800000, 0x00000000c4800000, 0x00000000c4900000|  0%| F|  |TAMS 0x00000000c4800000, 0x00000000c4800000| Untracked 
|  73|0x00000000c4900000, 0x00000000c4900000, 0x00000000c4a00000|  0%| F|  |TAMS 0x00000000c4900000, 0x00000000c4900000| Untracked 
|  74|0x00000000c4a00000, 0x00000000c4a00000, 0x00000000c4b00000|  0%| F|  |TAMS 0x00000000c4a00000, 0x00000000c4a00000| Untracked 
|  75|0x00000000c4b00000, 0x00000000c4b00000, 0x00000000c4c00000|  0%| F|  |TAMS 0x00000000c4b00000, 0x00000000c4b00000| Untracked 
|  76|0x00000000c4c00000, 0x00000000c4c00000, 0x00000000c4d00000|  0%| F|  |TAMS 0x00000000c4c00000, 0x00000000c4c00000| Untracked 
|  77|0x00000000c4d00000, 0x00000000c4d00000, 0x00000000c4e00000|  0%| F|  |TAMS 0x00000000c4d00000, 0x00000000c4d00000| Untracked 
|  78|0x00000000c4e00000, 0x00000000c4e00000, 0x00000000c4f00000|  0%| F|  |TAMS 0x00000000c4e00000, 0x00000000c4e00000| Untracked 
|  79|0x00000000c4f00000, 0x00000000c4f00000, 0x00000000c5000000|  0%| F|  |TAMS 0x00000000c4f00000, 0x00000000c4f00000| Untracked 
|  80|0x00000000c5000000, 0x00000000c5000000, 0x00000000c5100000|  0%| F|  |TAMS 0x00000000c5000000, 0x00000000c5000000| Untracked 
|  81|0x00000000c5100000, 0x00000000c5100000, 0x00000000c5200000|  0%| F|  |TAMS 0x00000000c5100000, 0x00000000c5100000| Untracked 
|  82|0x00000000c5200000, 0x00000000c5200000, 0x00000000c5300000|  0%| F|  |TAMS 0x00000000c5200000, 0x00000000c5200000| Untracked 
|  83|0x00000000c5300000, 0x00000000c5300000, 0x00000000c5400000|  0%| F|  |TAMS 0x00000000c5300000, 0x00000000c5300000| Untracked 
|  84|0x00000000c5400000, 0x00000000c5400000, 0x00000000c5500000|  0%| F|  |TAMS 0x00000000c5400000, 0x00000000c5400000| Untracked 
|  85|0x00000000c5500000, 0x00000000c5500000, 0x00000000c5600000|  0%| F|  |TAMS 0x00000000c5500000, 0x00000000c5500000| Untracked 
|  86|0x00000000c5600000, 0x00000000c5600000, 0x00000000c5700000|  0%| F|  |TAMS 0x00000000c5600000, 0x00000000c5600000| Untracked 
|  87|0x00000000c5700000, 0x00000000c5700000, 0x00000000c5800000|  0%| F|  |TAMS 0x00000000c5700000, 0x00000000c5700000| Untracked 
|  88|0x00000000c5800000, 0x00000000c5800000, 0x00000000c5900000|  0%| F|  |TAMS 0x00000000c5800000, 0x00000000c5800000| Untracked 
|  89|0x00000000c5900000, 0x00000000c5900000, 0x00000000c5a00000|  0%| F|  |TAMS 0x00000000c5900000, 0x00000000c5900000| Untracked 
|  90|0x00000000c5a00000, 0x00000000c5a00000, 0x00000000c5b00000|  0%| F|  |TAMS 0x00000000c5a00000, 0x00000000c5a00000| Untracked 
|  91|0x00000000c5b00000, 0x00000000c5b00000, 0x00000000c5c00000|  0%| F|  |TAMS 0x00000000c5b00000, 0x00000000c5b00000| Untracked 
|  92|0x00000000c5c00000, 0x00000000c5c00000, 0x00000000c5d00000|  0%| F|  |TAMS 0x00000000c5c00000, 0x00000000c5c00000| Untracked 
|  93|0x00000000c5d00000, 0x00000000c5d00000, 0x00000000c5e00000|  0%| F|  |TAMS 0x00000000c5d00000, 0x00000000c5d00000| Untracked 
|  94|0x00000000c5e00000, 0x00000000c5e00000, 0x00000000c5f00000|  0%| F|  |TAMS 0x00000000c5e00000, 0x00000000c5e00000| Untracked 
|  95|0x00000000c5f00000, 0x00000000c5f00000, 0x00000000c6000000|  0%| F|  |TAMS 0x00000000c5f00000, 0x00000000c5f00000| Untracked 
|  96|0x00000000c6000000, 0x00000000c6000000, 0x00000000c6100000|  0%| F|  |TAMS 0x00000000c6000000, 0x00000000c6000000| Untracked 
|  97|0x00000000c6100000, 0x00000000c6100000, 0x00000000c6200000|  0%| F|  |TAMS 0x00000000c6100000, 0x00000000c6100000| Untracked 
|  98|0x00000000c6200000, 0x00000000c6200000, 0x00000000c6300000|  0%| F|  |TAMS 0x00000000c6200000, 0x00000000c6200000| Untracked 
| 110|0x00000000c6e00000, 0x00000000c6e00000, 0x00000000c6f00000|  0%| F|  |TAMS 0x00000000c6e00000, 0x00000000c6e00000| Untracked 
| 111|0x00000000c6f00000, 0x00000000c6f22f48, 0x00000000c7000000| 13%| E|  |TAMS 0x00000000c6f00000, 0x00000000c6f00000| Complete 

Card table byte_map: [0x000002bcf3340000,0x000002bcf3540000] _byte_map_base: 0x000002bcf2d40000

Marking Bits (Prev, Next): (CMBitMap*) 0x000002bceb3f3110, (CMBitMap*) 0x000002bceb3f30d0
 Prev Bits: [0x000002bcf4740000, 0x000002bcf5740000)
 Next Bits: [0x000002bcf3740000, 0x000002bcf4740000)

Polling page: 0x000002bceb470000

Metaspace:

Usage:
  Non-class:     51.67 MB used.
      Class:      7.34 MB used.
       Both:     59.02 MB used.

Virtual space:
  Non-class space:       64.00 MB reserved,      51.94 MB ( 81%) committed,  1 nodes.
      Class space:        1.00 GB reserved,       7.56 MB ( <1%) committed,  1 nodes.
             Both:        1.06 GB reserved,      59.50 MB (  5%) committed. 

Chunk freelists:
   Non-Class:  11.79 MB
       Class:  8.46 MB
        Both:  20.25 MB

MaxMetaspaceSize: unlimited
CompressedClassSpaceSize: 1.00 GB
Initial GC threshold: 21.00 MB
Current GC threshold: 99.00 MB
CDS: off
MetaspaceReclaimPolicy: balanced
 - commit_granule_bytes: 65536.
 - commit_granule_words: 8192.
 - virtual_space_node_default_size: 8388608.
 - enlarge_chunks_in_place: 1.
 - new_chunks_are_fully_committed: 0.
 - uncommit_free_chunks: 1.
 - use_allocation_guard: 0.
 - handle_deallocations: 1.


Internal statistics:

num_allocs_failed_limit: 6.
num_arena_births: 668.
num_arena_deaths: 224.
num_vsnodes_births: 2.
num_vsnodes_deaths: 0.
num_space_committed: 952.
num_space_uncommitted: 0.
num_chunks_returned_to_freelist: 265.
num_chunks_taken_from_freelist: 2611.
num_chunk_merges: 92.
num_chunk_splits: 1803.
num_chunks_enlarged: 1373.
num_inconsistent_stats: 0.

CodeCache: size=49152Kb used=11977Kb max_used=12725Kb free=37174Kb
 bounds [0x000002bcef860000, 0x000002bcf04d0000, 0x000002bcf2860000]
 total_blobs=7181 nmethods=6505 adapters=603
 compilation: enabled
              stopped_count=0, restarted_count=0
 full_count=0

Compilation events (20 events):
Event: 892.618 Thread 0x000002bcf81ed520 6496       1       java.io.FileDescriptor::setHandle (33 bytes)
Event: 892.618 Thread 0x000002bcf81ed520 nmethod 6496 0x000002bcf00b4290 code [0x000002bcf00b4420, 0x000002bcf00b4568]
Event: 892.618 Thread 0x000002bcf81ed520 6497       1       java.io.FileDescriptor$1::registerCleanup (5 bytes)
Event: 892.618 Thread 0x000002bcf81ed520 nmethod 6497 0x000002bcf00b3f90 code [0x000002bcf00b4120, 0x000002bcf00b4208]
Event: 909.536 Thread 0x000002bcf81ed520 6498       1       java.util.concurrent.locks.AbstractQueuedSynchronizer$ConditionNode::<init> (5 bytes)
Event: 909.536 Thread 0x000002bcf81ed520 nmethod 6498 0x000002bcf00b3c90 code [0x000002bcf00b3e20, 0x000002bcf00b3ed8]
Event: 909.536 Thread 0x000002bcf81ed520 6499       1       java.util.concurrent.locks.AbstractQueuedSynchronizer$ConditionObject::enableWait (84 bytes)
Event: 909.537 Thread 0x000002bcf81ed520 nmethod 6499 0x000002bcf00b3490 code [0x000002bcf00b3680, 0x000002bcf00b3a78]
Event: 909.537 Thread 0x000002bcf81ed520 6500       1       java.util.concurrent.locks.AbstractQueuedSynchronizer$Node::setStatusRelaxed (12 bytes)
Event: 909.537 Thread 0x000002bcf81ed520 nmethod 6500 0x000002bcf00b3190 code [0x000002bcf00b3320, 0x000002bcf00b33f8]
Event: 929.539 Thread 0x000002bcf81ed520 6501   !   1       java.util.concurrent.locks.AbstractQueuedSynchronizer::acquire (407 bytes)
Event: 929.542 Thread 0x000002bcf81ed520 nmethod 6501 0x000002bcf00b1610 code [0x000002bcf00b18c0, 0x000002bcf00b2a48]
Event: 929.542 Thread 0x000002bcf81ed520 6502       1       java.util.concurrent.locks.AbstractQueuedSynchronizer$ConditionObject::signal (34 bytes)
Event: 929.543 Thread 0x000002bcf81ed520 nmethod 6502 0x000002bcf00b1190 code [0x000002bcf00b1340, 0x000002bcf00b1508]
Event: 933.571 Thread 0x000002bcf81ed520 6503       1       java.util.concurrent.locks.AbstractQueuedSynchronizer$Node::clearStatus (12 bytes)
Event: 933.571 Thread 0x000002bcf81ed520 nmethod 6503 0x000002bcf00b0e90 code [0x000002bcf00b1020, 0x000002bcf00b10f8]
Event: 933.571 Thread 0x000002bcf81ed520 6504       1       jdk.internal.misc.Unsafe::putIntOpaque (9 bytes)
Event: 933.571 Thread 0x000002bcf81ed520 nmethod 6504 0x000002bcf00b0b90 code [0x000002bcf00b0d20, 0x000002bcf00b0df8]
Event: 954.383 Thread 0x000002bcf81ed520 6505       1       java.util.concurrent.locks.AbstractQueuedSynchronizer$Node::getAndUnsetStatus (14 bytes)
Event: 954.384 Thread 0x000002bcf81ed520 nmethod 6505 0x000002bcf00b0810 code [0x000002bcf00b09a0, 0x000002bcf00b0ab8]

GC Heap History (20 events):
Event: 902.987 GC heap before
{Heap before GC invocations=86 (full 66):
 garbage-first heap   total 103424K, used 35662K [0x00000000c0000000, 0x0000000100000000)
  region size 1024K, 1 young (1024K), 0 survivors (0K)
 Metaspace       used 60432K, committed 60928K, reserved 1114112K
  class space    used 7519K, committed 7744K, reserved 1048576K
}
Event: 903.034 GC heap after
{Heap after GC invocations=87 (full 67):
 garbage-first heap   total 103424K, used 35662K [0x00000000c0000000, 0x0000000100000000)
  region size 1024K, 0 young (0K), 0 survivors (0K)
 Metaspace       used 60432K, committed 60928K, reserved 1114112K
  class space    used 7519K, committed 7744K, reserved 1048576K
}
Event: 913.313 GC heap before
{Heap before GC invocations=87 (full 67):
 garbage-first heap   total 103424K, used 35662K [0x00000000c0000000, 0x0000000100000000)
  region size 1024K, 1 young (1024K), 0 survivors (0K)
 Metaspace       used 60432K, committed 60928K, reserved 1114112K
  class space    used 7519K, committed 7744K, reserved 1048576K
}
Event: 913.367 GC heap after
{Heap after GC invocations=88 (full 68):
 garbage-first heap   total 103424K, used 35662K [0x00000000c0000000, 0x0000000100000000)
  region size 1024K, 0 young (0K), 0 survivors (0K)
 Metaspace       used 60432K, committed 60928K, reserved 1114112K
  class space    used 7519K, committed 7744K, reserved 1048576K
}
Event: 923.519 GC heap before
{Heap before GC invocations=88 (full 68):
 garbage-first heap   total 103424K, used 35662K [0x00000000c0000000, 0x0000000100000000)
  region size 1024K, 1 young (1024K), 0 survivors (0K)
 Metaspace       used 60432K, committed 60928K, reserved 1114112K
  class space    used 7519K, committed 7744K, reserved 1048576K
}
Event: 923.555 GC heap after
{Heap after GC invocations=89 (full 69):
 garbage-first heap   total 103424K, used 35662K [0x00000000c0000000, 0x0000000100000000)
  region size 1024K, 0 young (0K), 0 survivors (0K)
 Metaspace       used 60432K, committed 60928K, reserved 1114112K
  class space    used 7519K, committed 7744K, reserved 1048576K
}
Event: 933.783 GC heap before
{Heap before GC invocations=89 (full 69):
 garbage-first heap   total 103424K, used 35662K [0x00000000c0000000, 0x0000000100000000)
  region size 1024K, 1 young (1024K), 0 survivors (0K)
 Metaspace       used 60432K, committed 60928K, reserved 1114112K
  class space    used 7519K, committed 7744K, reserved 1048576K
}
Event: 933.823 GC heap after
{Heap after GC invocations=90 (full 70):
 garbage-first heap   total 103424K, used 35662K [0x00000000c0000000, 0x0000000100000000)
  region size 1024K, 0 young (0K), 0 survivors (0K)
 Metaspace       used 60432K, committed 60928K, reserved 1114112K
  class space    used 7519K, committed 7744K, reserved 1048576K
}
Event: 944.320 GC heap before
{Heap before GC invocations=90 (full 70):
 garbage-first heap   total 103424K, used 35662K [0x00000000c0000000, 0x0000000100000000)
  region size 1024K, 1 young (1024K), 0 survivors (0K)
 Metaspace       used 60432K, committed 60928K, reserved 1114112K
  class space    used 7519K, committed 7744K, reserved 1048576K
}
Event: 944.376 GC heap after
{Heap after GC invocations=91 (full 71):
 garbage-first heap   total 103424K, used 35662K [0x00000000c0000000, 0x0000000100000000)
  region size 1024K, 0 young (0K), 0 survivors (0K)
 Metaspace       used 60432K, committed 60928K, reserved 1114112K
  class space    used 7519K, committed 7744K, reserved 1048576K
}
Event: 954.514 GC heap before
{Heap before GC invocations=91 (full 71):
 garbage-first heap   total 103424K, used 35662K [0x00000000c0000000, 0x0000000100000000)
  region size 1024K, 1 young (1024K), 0 survivors (0K)
 Metaspace       used 60432K, committed 60928K, reserved 1114112K
  class space    used 7519K, committed 7744K, reserved 1048576K
}
Event: 954.547 GC heap after
{Heap after GC invocations=92 (full 72):
 garbage-first heap   total 103424K, used 35662K [0x00000000c0000000, 0x0000000100000000)
  region size 1024K, 0 young (0K), 0 survivors (0K)
 Metaspace       used 60432K, committed 60928K, reserved 1114112K
  class space    used 7519K, committed 7744K, reserved 1048576K
}
Event: 964.691 GC heap before
{Heap before GC invocations=92 (full 72):
 garbage-first heap   total 103424K, used 35662K [0x00000000c0000000, 0x0000000100000000)
  region size 1024K, 1 young (1024K), 0 survivors (0K)
 Metaspace       used 60432K, committed 60928K, reserved 1114112K
  class space    used 7519K, committed 7744K, reserved 1048576K
}
Event: 964.724 GC heap after
{Heap after GC invocations=93 (full 73):
 garbage-first heap   total 103424K, used 35662K [0x00000000c0000000, 0x0000000100000000)
  region size 1024K, 0 young (0K), 0 survivors (0K)
 Metaspace       used 60432K, committed 60928K, reserved 1114112K
  class space    used 7519K, committed 7744K, reserved 1048576K
}
Event: 974.949 GC heap before
{Heap before GC invocations=93 (full 73):
 garbage-first heap   total 103424K, used 35662K [0x00000000c0000000, 0x0000000100000000)
  region size 1024K, 1 young (1024K), 0 survivors (0K)
 Metaspace       used 60432K, committed 60928K, reserved 1114112K
  class space    used 7519K, committed 7744K, reserved 1048576K
}
Event: 974.997 GC heap after
{Heap after GC invocations=94 (full 74):
 garbage-first heap   total 103424K, used 35662K [0x00000000c0000000, 0x0000000100000000)
  region size 1024K, 0 young (0K), 0 survivors (0K)
 Metaspace       used 60432K, committed 60928K, reserved 1114112K
  class space    used 7519K, committed 7744K, reserved 1048576K
}
Event: 985.147 GC heap before
{Heap before GC invocations=94 (full 74):
 garbage-first heap   total 103424K, used 35662K [0x00000000c0000000, 0x0000000100000000)
  region size 1024K, 1 young (1024K), 0 survivors (0K)
 Metaspace       used 60432K, committed 60928K, reserved 1114112K
  class space    used 7519K, committed 7744K, reserved 1048576K
}
Event: 985.180 GC heap after
{Heap after GC invocations=95 (full 75):
 garbage-first heap   total 103424K, used 35662K [0x00000000c0000000, 0x0000000100000000)
  region size 1024K, 0 young (0K), 0 survivors (0K)
 Metaspace       used 60432K, committed 60928K, reserved 1114112K
  class space    used 7519K, committed 7744K, reserved 1048576K
}
Event: 995.338 GC heap before
{Heap before GC invocations=95 (full 75):
 garbage-first heap   total 103424K, used 35662K [0x00000000c0000000, 0x0000000100000000)
  region size 1024K, 1 young (1024K), 0 survivors (0K)
 Metaspace       used 60432K, committed 60928K, reserved 1114112K
  class space    used 7519K, committed 7744K, reserved 1048576K
}
Event: 995.371 GC heap after
{Heap after GC invocations=96 (full 76):
 garbage-first heap   total 103424K, used 35662K [0x00000000c0000000, 0x0000000100000000)
  region size 1024K, 0 young (0K), 0 survivors (0K)
 Metaspace       used 60432K, committed 60928K, reserved 1114112K
  class space    used 7519K, committed 7744K, reserved 1048576K
}

Dll operation events (10 events):
Event: 0.015 Loaded shared library c:\Users\Leevi\.vscode\extensions\redhat.java-1.28.1-win32-x64\jre\17.0.10-win32-x86_64\bin\java.dll
Event: 0.628 Loaded shared library C:\Users\Leevi\.vscode\extensions\redhat.java-1.28.1-win32-x64\jre\17.0.10-win32-x86_64\bin\net.dll
Event: 0.646 Loaded shared library C:\Users\Leevi\.vscode\extensions\redhat.java-1.28.1-win32-x64\jre\17.0.10-win32-x86_64\bin\nio.dll
Event: 1.466 Loaded shared library C:\Users\Leevi\.vscode\extensions\redhat.java-1.28.1-win32-x64\jre\17.0.10-win32-x86_64\bin\zip.dll
Event: 15.762 Loaded shared library C:\Users\Leevi\.vscode\extensions\redhat.java-1.28.1-win32-x64\jre\17.0.10-win32-x86_64\bin\jimage.dll
Event: 19.015 Loaded shared library c:\Users\Leevi\.vscode\extensions\redhat.java-1.28.1-win32-x64\jre\17.0.10-win32-x86_64\bin\verify.dll
Event: 29.803 Loaded shared library C:\Users\Leevi\.vscode\extensions\redhat.java-1.28.1-win32-x64\jre\17.0.10-win32-x86_64\bin\management.dll
Event: 29.808 Loaded shared library C:\Users\Leevi\.vscode\extensions\redhat.java-1.28.1-win32-x64\jre\17.0.10-win32-x86_64\bin\management_ext.dll
Event: 32.074 Loaded shared library C:\Users\Leevi\.vscode\extensions\redhat.java-1.28.1-win32-x64\jre\17.0.10-win32-x86_64\bin\sunmscapi.dll
Event: 32.497 Loaded shared library C:\Users\Leevi\.vscode\extensions\redhat.java-1.28.1-win32-x64\jre\17.0.10-win32-x86_64\bin\extnet.dll

Deoptimization events (20 events):
Event: 32.682 Thread 0x000002bcfd764170 DEOPT PACKING pc=0x000002bcf01e961c sp=0x000000d2c8afe7a0
Event: 32.682 Thread 0x000002bcfd764170 DEOPT UNPACKING pc=0x000002bcef8b7143 sp=0x000000d2c8afdcd8 mode 0
Event: 33.316 Thread 0x000002bcf8db98a0 DEOPT PACKING pc=0x000002bcefd0bf24 sp=0x000000d2c92fedb0
Event: 33.316 Thread 0x000002bcf8db98a0 DEOPT UNPACKING pc=0x000002bcef8b7143 sp=0x000000d2c92fe298 mode 0
Event: 33.318 Thread 0x000002bcfd764b90 DEOPT PACKING pc=0x000002bcefd0bf24 sp=0x000000d2c8eff000
Event: 33.318 Thread 0x000002bcfd764b90 DEOPT UNPACKING pc=0x000002bcef8b7143 sp=0x000000d2c8efe4e8 mode 0
Event: 33.971 Thread 0x000002bcfd764170 DEOPT PACKING pc=0x000002bcf03ae50c sp=0x000000d2c8afe210
Event: 33.971 Thread 0x000002bcfd764170 DEOPT UNPACKING pc=0x000002bcef8b7143 sp=0x000000d2c8afd778 mode 0
Event: 33.971 Thread 0x000002bcfd764170 DEOPT PACKING pc=0x000002bcf03afb4c sp=0x000000d2c8afe340
Event: 33.971 Thread 0x000002bcfd764170 DEOPT UNPACKING pc=0x000002bcef8b7143 sp=0x000000d2c8afd820 mode 0
Event: 33.971 Thread 0x000002bcfd764170 DEOPT PACKING pc=0x000002bcf03ae50c sp=0x000000d2c8afe470
Event: 33.971 Thread 0x000002bcfd764170 DEOPT UNPACKING pc=0x000002bcef8b7143 sp=0x000000d2c8afd9d8 mode 0
Event: 33.971 Thread 0x000002bcfd764170 DEOPT PACKING pc=0x000002bcf03afb4c sp=0x000000d2c8afe5a0
Event: 33.971 Thread 0x000002bcfd764170 DEOPT UNPACKING pc=0x000002bcef8b7143 sp=0x000000d2c8afda98 mode 0
Event: 33.975 Thread 0x000002bcfd764170 DEOPT PACKING pc=0x000002bcf03ae50c sp=0x000000d2c8afe910
Event: 33.975 Thread 0x000002bcfd764170 DEOPT UNPACKING pc=0x000002bcef8b7143 sp=0x000000d2c8afde78 mode 0
Event: 33.975 Thread 0x000002bcfd764170 DEOPT PACKING pc=0x000002bcf03afb4c sp=0x000000d2c8afea40
Event: 33.975 Thread 0x000002bcfd764170 DEOPT UNPACKING pc=0x000002bcef8b7143 sp=0x000000d2c8afdf38 mode 0
Event: 411.414 Thread 0x000002bcfdcc8090 DEOPT PACKING pc=0x000002bcefef5c54 sp=0x000000d2c82ff2e0
Event: 411.414 Thread 0x000002bcfdcc8090 DEOPT UNPACKING pc=0x000002bcef8b7143 sp=0x000000d2c82fe768 mode 0

Classes unloaded (20 events):
Event: 110.215 Thread 0x000002bcf81a5e80 Unloading class 0x0000000100094400 'java/lang/invoke/LambdaForm$MH+0x0000000100094400'
Event: 110.215 Thread 0x000002bcf81a5e80 Unloading class 0x000000010008cc00 'java/lang/invoke/LambdaForm$MH+0x000000010008cc00'
Event: 110.215 Thread 0x000002bcf81a5e80 Unloading class 0x000000010008c800 'java/lang/invoke/LambdaForm$MH+0x000000010008c800'
Event: 110.215 Thread 0x000002bcf81a5e80 Unloading class 0x000000010008c000 'java/lang/invoke/LambdaForm$MH+0x000000010008c000'
Event: 110.215 Thread 0x000002bcf81a5e80 Unloading class 0x000000010008ac00 'java/lang/invoke/LambdaForm$MH+0x000000010008ac00'
Event: 110.215 Thread 0x000002bcf81a5e80 Unloading class 0x000000010008a400 'java/lang/invoke/LambdaForm$MH+0x000000010008a400'
Event: 110.215 Thread 0x000002bcf81a5e80 Unloading class 0x000000010008a000 'java/lang/invoke/LambdaForm$MH+0x000000010008a000'
Event: 110.215 Thread 0x000002bcf81a5e80 Unloading class 0x0000000100089c00 'java/lang/invoke/LambdaForm$MH+0x0000000100089c00'
Event: 110.215 Thread 0x000002bcf81a5e80 Unloading class 0x0000000100089800 'java/lang/invoke/LambdaForm$MH+0x0000000100089800'
Event: 110.215 Thread 0x000002bcf81a5e80 Unloading class 0x0000000100089400 'java/lang/invoke/LambdaForm$MH+0x0000000100089400'
Event: 110.215 Thread 0x000002bcf81a5e80 Unloading class 0x0000000100088c00 'java/lang/invoke/LambdaForm$MH+0x0000000100088c00'
Event: 110.215 Thread 0x000002bcf81a5e80 Unloading class 0x0000000100088400 'java/lang/invoke/LambdaForm$MH+0x0000000100088400'
Event: 130.677 Thread 0x000002bcf81a5e80 Unloading class 0x0000000100793400 'jdk/internal/reflect/GeneratedConstructorAccessor40'
Event: 130.677 Thread 0x000002bcf81a5e80 Unloading class 0x000000010008e800 'java/lang/invoke/LambdaForm$MH+0x000000010008e800'
Event: 130.677 Thread 0x000002bcf81a5e80 Unloading class 0x000000010008e400 'java/lang/invoke/LambdaForm$MH+0x000000010008e400'
Event: 130.677 Thread 0x000002bcf81a5e80 Unloading class 0x000000010008e000 'java/lang/invoke/LambdaForm$MH+0x000000010008e000'
Event: 130.677 Thread 0x000002bcf81a5e80 Unloading class 0x000000010008dc00 'java/lang/invoke/LambdaForm$MH+0x000000010008dc00'
Event: 130.677 Thread 0x000002bcf81a5e80 Unloading class 0x000000010008d800 'java/lang/invoke/LambdaForm$MH+0x000000010008d800'
Event: 130.677 Thread 0x000002bcf81a5e80 Unloading class 0x000000010008d400 'java/lang/invoke/LambdaForm$MH+0x000000010008d400'
Event: 130.677 Thread 0x000002bcf81a5e80 Unloading class 0x000000010008bc00 'java/lang/invoke/LambdaForm$MH+0x000000010008bc00'

Classes redefined (0 events):
No events

Internal exceptions (20 events):
Event: 33.445 Thread 0x000002bcf8db9390 Exception <a 'java/lang/IncompatibleClassChangeError'{0x00000000c507eb10}: Found class java.lang.Object, but interface was expected> (0x00000000c507eb10) 
thrown [s\src\hotspot\share\interpreter\linkResolver.cpp, line 826]
Event: 33.457 Thread 0x000002bcf8db9390 Exception <a 'java/lang/IncompatibleClassChangeError'{0x00000000c4f562d0}: Found class java.lang.Object, but interface was expected> (0x00000000c4f562d0) 
thrown [s\src\hotspot\share\interpreter\linkResolver.cpp, line 826]
Event: 34.013 Thread 0x000002bcfd764170 Exception <a 'sun/nio/fs/WindowsException'{0x00000000c4fe2860}> (0x00000000c4fe2860) 
thrown [s\src\hotspot\share\prims\jni.cpp, line 516]
Event: 34.013 Thread 0x000002bcfd764170 Exception <a 'sun/nio/fs/WindowsException'{0x00000000c4fe32f0}> (0x00000000c4fe32f0) 
thrown [s\src\hotspot\share\prims\jni.cpp, line 516]
Event: 34.013 Thread 0x000002bcfd764170 Exception <a 'sun/nio/fs/WindowsException'{0x00000000c4fe3d30}> (0x00000000c4fe3d30) 
thrown [s\src\hotspot\share\prims\jni.cpp, line 516]
Event: 34.013 Thread 0x000002bcfd764170 Exception <a 'sun/nio/fs/WindowsException'{0x00000000c4fe47c0}> (0x00000000c4fe47c0) 
thrown [s\src\hotspot\share\prims\jni.cpp, line 516]
Event: 34.014 Thread 0x000002bcfd764170 Exception <a 'sun/nio/fs/WindowsException'{0x00000000c4fe5320}> (0x00000000c4fe5320) 
thrown [s\src\hotspot\share\prims\jni.cpp, line 516]
Event: 34.014 Thread 0x000002bcfd764170 Exception <a 'sun/nio/fs/WindowsException'{0x00000000c4fe5ee8}> (0x00000000c4fe5ee8) 
thrown [s\src\hotspot\share\prims\jni.cpp, line 516]
Event: 34.017 Thread 0x000002bcfd764170 Exception <a 'sun/nio/fs/WindowsException'{0x00000000c4fed318}> (0x00000000c4fed318) 
thrown [s\src\hotspot\share\prims\jni.cpp, line 516]
Event: 34.017 Thread 0x000002bcfd764170 Exception <a 'sun/nio/fs/WindowsException'{0x00000000c4fedda8}> (0x00000000c4fedda8) 
thrown [s\src\hotspot\share\prims\jni.cpp, line 516]
Event: 34.017 Thread 0x000002bcfd764170 Exception <a 'sun/nio/fs/WindowsException'{0x00000000c4fee7e8}> (0x00000000c4fee7e8) 
thrown [s\src\hotspot\share\prims\jni.cpp, line 516]
Event: 34.017 Thread 0x000002bcfd764170 Exception <a 'sun/nio/fs/WindowsException'{0x00000000c4fef278}> (0x00000000c4fef278) 
thrown [s\src\hotspot\share\prims\jni.cpp, line 516]
Event: 34.018 Thread 0x000002bcfd764170 Exception <a 'sun/nio/fs/WindowsException'{0x00000000c4fefdd8}> (0x00000000c4fefdd8) 
thrown [s\src\hotspot\share\prims\jni.cpp, line 516]
Event: 34.018 Thread 0x000002bcfd764170 Exception <a 'sun/nio/fs/WindowsException'{0x00000000c4ff09a0}> (0x00000000c4ff09a0) 
thrown [s\src\hotspot\share\prims\jni.cpp, line 516]
Event: 34.079 Thread 0x000002bcfd764170 Exception <a 'sun/nio/fs/WindowsException'{0x00000000c4edd608}> (0x00000000c4edd608) 
thrown [s\src\hotspot\share\prims\jni.cpp, line 516]
Event: 99.792 Thread 0x000002bcf8e6e770 Exception <a 'java/lang/NoSuchMethodError'{0x00000000c5781d50}: 'void java.lang.invoke.DirectMethodHandle$Holder.invokeStatic(java.lang.Object, long)'> (0x00000000c5781d50) 
thrown [s\src\hotspot\share\interpreter\linkResolver.cpp, line 759]
Event: 99.792 Thread 0x000002bcf8e6e770 Exception <a 'java/lang/NoSuchMethodError'{0x00000000c5787100}: 'java.lang.Object java.lang.invoke.DirectMethodHandle$Holder.newInvokeSpecial(java.lang.Object, long)'> (0x00000000c5787100) 
thrown [s\src\hotspot\share\interpreter\linkResolver.cpp, line 759]
Event: 333.948 Thread 0x000002bcf8dba2c0 Exception <a 'java/io/IOException'{0x00000000c6f90d18}> (0x00000000c6f90d18) 
thrown [s\src\hotspot\share\prims\jni.cpp, line 516]
Event: 335.015 Thread 0x000002bcf8dbb700 Exception <a 'java/io/IOException'{0x00000000c6f799c8}> (0x00000000c6f799c8) 
thrown [s\src\hotspot\share\prims\jni.cpp, line 516]
Event: 335.930 Thread 0x000002bcff21ca90 Exception <a 'java/io/IOException'{0x00000000c6f80ec0}> (0x00000000c6f80ec0) 
thrown [s\src\hotspot\share\prims\jni.cpp, line 516]

VM Operations (20 events):
Event: 903.034 Executing VM operation: G1CollectFull done
Event: 913.313 Executing VM operation: G1CollectFull
Event: 913.368 Executing VM operation: G1CollectFull done
Event: 923.519 Executing VM operation: G1CollectFull
Event: 923.555 Executing VM operation: G1CollectFull done
Event: 933.783 Executing VM operation: G1CollectFull
Event: 933.823 Executing VM operation: G1CollectFull done
Event: 944.320 Executing VM operation: G1CollectFull
Event: 944.376 Executing VM operation: G1CollectFull done
Event: 954.514 Executing VM operation: G1CollectFull
Event: 954.547 Executing VM operation: G1CollectFull done
Event: 964.691 Executing VM operation: G1CollectFull
Event: 964.724 Executing VM operation: G1CollectFull done
Event: 974.949 Executing VM operation: G1CollectFull
Event: 974.997 Executing VM operation: G1CollectFull done
Event: 985.146 Executing VM operation: G1CollectFull
Event: 985.180 Executing VM operation: G1CollectFull done
Event: 995.338 Executing VM operation: G1CollectFull
Event: 995.371 Executing VM operation: G1CollectFull done
Event: 1005.425 Executing VM operation: G1CollectFull

Events (20 events):
Event: 414.041 loading class org/w3c/dom/Comment
Event: 414.041 loading class org/w3c/dom/Comment done
Event: 414.045 loading class org/w3c/dom/Entity
Event: 414.045 loading class org/w3c/dom/Entity done
Event: 414.066 loading class org/w3c/dom/NodeList
Event: 414.066 loading class org/w3c/dom/NodeList done
Event: 414.066 loading class org/w3c/dom/NamedNodeMap
Event: 414.066 loading class org/w3c/dom/NamedNodeMap done
Event: 414.068 loading class org/w3c/dom/Attr
Event: 414.068 loading class org/w3c/dom/Attr done
Event: 414.072 loading class java/util/regex/Pattern$1
Event: 414.072 loading class java/util/regex/Pattern$1 done
Event: 520.959 Thread 0x000002bcff2234e0 Thread exited: 0x000002bcff2234e0
Event: 520.975 Thread 0x000002bcff222fd0 Thread exited: 0x000002bcff222fd0
Event: 523.700 Thread 0x000002bcff21ca90 Thread exited: 0x000002bcff21ca90
Event: 541.180 Thread 0x000002bcff220240 Thread exited: 0x000002bcff220240
Event: 809.373 Thread 0x000002bcff21ee00 Thread added: 0x000002bcff21ee00
Event: 809.375 Thread 0x000002bcff21cfa0 Thread added: 0x000002bcff21cfa0
Event: 869.396 Thread 0x000002bcff21ee00 Thread exited: 0x000002bcff21ee00
Event: 869.396 Thread 0x000002bcff21cfa0 Thread exited: 0x000002bcff21cfa0


Dynamic libraries:
0x00007ff742390000 - 0x00007ff74239e000 	c:\Users\Leevi\.vscode\extensions\redhat.java-1.28.1-win32-x64\jre\17.0.10-win32-x86_64\bin\java.exe
0x00007ffd80d50000 - 0x00007ffd80f48000 	C:\WINDOWS\SYSTEM32\ntdll.dll
0x00007ffd7f810000 - 0x00007ffd7f8cd000 	C:\WINDOWS\System32\KERNEL32.DLL
0x00007ffd7e560000 - 0x00007ffd7e856000 	C:\WINDOWS\System32\KERNELBASE.dll
0x00007ffd7e430000 - 0x00007ffd7e530000 	C:\WINDOWS\System32\ucrtbase.dll
0x00007ffd71fd0000 - 0x00007ffd71fe7000 	c:\Users\Leevi\.vscode\extensions\redhat.java-1.28.1-win32-x64\jre\17.0.10-win32-x86_64\bin\jli.dll
0x00007ffd7ef60000 - 0x00007ffd7f0fe000 	C:\WINDOWS\System32\USER32.dll
0x00007ffd7e530000 - 0x00007ffd7e552000 	C:\WINDOWS\System32\win32u.dll
0x00007ffd7f240000 - 0x00007ffd7f26c000 	C:\WINDOWS\System32\GDI32.dll
0x00007ffd7ec90000 - 0x00007ffd7edaa000 	C:\WINDOWS\System32\gdi32full.dll
0x00007ffd7e920000 - 0x00007ffd7e9bd000 	C:\WINDOWS\System32\msvcp_win.dll
0x00007ffd70c70000 - 0x00007ffd70c8b000 	c:\Users\Leevi\.vscode\extensions\redhat.java-1.28.1-win32-x64\jre\17.0.10-win32-x86_64\bin\VCRUNTIME140.dll
0x00007ffd6ea90000 - 0x00007ffd6ed2a000 	C:\WINDOWS\WinSxS\amd64_microsoft.windows.common-controls_6595b64144ccf1df_6.0.19041.3636_none_60b6a03d71f818d5\COMCTL32.dll
0x00007ffd80c70000 - 0x00007ffd80d0e000 	C:\WINDOWS\System32\msvcrt.dll
0x00007ffd80b90000 - 0x00007ffd80bc0000 	C:\WINDOWS\System32\IMM32.DLL
0x00007ffd77580000 - 0x00007ffd7758c000 	c:\Users\Leevi\.vscode\extensions\redhat.java-1.28.1-win32-x64\jre\17.0.10-win32-x86_64\bin\vcruntime140_1.dll
0x00007ffd51350000 - 0x00007ffd513dd000 	c:\Users\Leevi\.vscode\extensions\redhat.java-1.28.1-win32-x64\jre\17.0.10-win32-x86_64\bin\msvcp140.dll
0x00007ffd0c4f0000 - 0x00007ffd0d152000 	c:\Users\Leevi\.vscode\extensions\redhat.java-1.28.1-win32-x64\jre\17.0.10-win32-x86_64\bin\server\jvm.dll
0x00007ffd7f190000 - 0x00007ffd7f23f000 	C:\WINDOWS\System32\ADVAPI32.dll
0x00007ffd7fae0000 - 0x00007ffd7fb7c000 	C:\WINDOWS\System32\sechost.dll
0x00007ffd80910000 - 0x00007ffd80a36000 	C:\WINDOWS\System32\RPCRT4.dll
0x00007ffd7e290000 - 0x00007ffd7e2db000 	C:\WINDOWS\SYSTEM32\POWRPROF.dll
0x00007ffd76f40000 - 0x00007ffd76f49000 	C:\WINDOWS\SYSTEM32\WSOCK32.dll
0x00007ffd7f8d0000 - 0x00007ffd7f93b000 	C:\WINDOWS\System32\WS2_32.dll
0x00007ffd75060000 - 0x00007ffd75087000 	C:\WINDOWS\SYSTEM32\WINMM.dll
0x00007ffd77a10000 - 0x00007ffd77a1a000 	C:\WINDOWS\SYSTEM32\VERSION.dll
0x00007ffd7e270000 - 0x00007ffd7e282000 	C:\WINDOWS\SYSTEM32\UMPDC.dll
0x00007ffd7cc80000 - 0x00007ffd7cc92000 	C:\WINDOWS\SYSTEM32\kernel.appcore.dll
0x00007ffd72ba0000 - 0x00007ffd72baa000 	c:\Users\Leevi\.vscode\extensions\redhat.java-1.28.1-win32-x64\jre\17.0.10-win32-x86_64\bin\jimage.dll
0x00007ffd7c2c0000 - 0x00007ffd7c4a4000 	C:\WINDOWS\SYSTEM32\DBGHELP.DLL
0x00007ffd6cf60000 - 0x00007ffd6cf94000 	C:\WINDOWS\SYSTEM32\dbgcore.DLL
0x00007ffd7e9f0000 - 0x00007ffd7ea72000 	C:\WINDOWS\System32\bcryptPrimitives.dll
0x00007ffd50780000 - 0x00007ffd507a5000 	c:\Users\Leevi\.vscode\extensions\redhat.java-1.28.1-win32-x64\jre\17.0.10-win32-x86_64\bin\java.dll
0x00007ffd70c00000 - 0x00007ffd70c18000 	c:\Users\Leevi\.vscode\extensions\redhat.java-1.28.1-win32-x64\jre\17.0.10-win32-x86_64\bin\zip.dll
0x00007ffd7fcc0000 - 0x00007ffd80404000 	C:\WINDOWS\System32\SHELL32.dll
0x00007ffd7c4b0000 - 0x00007ffd7cc4b000 	C:\WINDOWS\SYSTEM32\windows.storage.dll
0x00007ffd80530000 - 0x00007ffd80884000 	C:\WINDOWS\System32\combase.dll
0x00007ffd7dda0000 - 0x00007ffd7ddcd000 	C:\WINDOWS\SYSTEM32\Wldp.dll
0x00007ffd80bc0000 - 0x00007ffd80c6d000 	C:\WINDOWS\System32\SHCORE.dll
0x00007ffd7fc60000 - 0x00007ffd7fcb5000 	C:\WINDOWS\System32\shlwapi.dll
0x00007ffd7e360000 - 0x00007ffd7e385000 	C:\WINDOWS\SYSTEM32\profapi.dll
0x00007ffd5de90000 - 0x00007ffd5dea9000 	C:\Users\Leevi\.vscode\extensions\redhat.java-1.28.1-win32-x64\jre\17.0.10-win32-x86_64\bin\net.dll
0x00007ffd75350000 - 0x00007ffd7545a000 	C:\WINDOWS\SYSTEM32\WINHTTP.dll
0x00007ffd7db00000 - 0x00007ffd7db6a000 	C:\WINDOWS\system32\mswsock.dll
0x00007ffd5ad60000 - 0x00007ffd5ad76000 	C:\Users\Leevi\.vscode\extensions\redhat.java-1.28.1-win32-x64\jre\17.0.10-win32-x86_64\bin\nio.dll
0x00007ffd71a90000 - 0x00007ffd71aa0000 	c:\Users\Leevi\.vscode\extensions\redhat.java-1.28.1-win32-x64\jre\17.0.10-win32-x86_64\bin\verify.dll
0x00007ffd7dcf0000 - 0x00007ffd7dd08000 	C:\WINDOWS\SYSTEM32\CRYPTSP.dll
0x00007ffd7d430000 - 0x00007ffd7d464000 	C:\WINDOWS\system32\rsaenh.dll
0x00007ffd7e9c0000 - 0x00007ffd7e9e7000 	C:\WINDOWS\System32\bcrypt.dll
0x00007ffd7e320000 - 0x00007ffd7e34e000 	C:\WINDOWS\SYSTEM32\USERENV.dll
0x00007ffd7dd10000 - 0x00007ffd7dd1c000 	C:\WINDOWS\SYSTEM32\CRYPTBASE.dll
0x00007ffd7d7f0000 - 0x00007ffd7d82b000 	C:\WINDOWS\SYSTEM32\IPHLPAPI.DLL
0x00007ffd7f180000 - 0x00007ffd7f188000 	C:\WINDOWS\System32\NSI.dll
0x00007ffd762f0000 - 0x00007ffd76307000 	C:\WINDOWS\SYSTEM32\dhcpcsvc6.DLL
0x00007ffd76d90000 - 0x00007ffd76dad000 	C:\WINDOWS\SYSTEM32\dhcpcsvc.DLL
0x00007ffd7d830000 - 0x00007ffd7d8fa000 	C:\WINDOWS\SYSTEM32\DNSAPI.dll
0x00007ffd728c0000 - 0x00007ffd728c9000 	C:\Users\Leevi\.vscode\extensions\redhat.java-1.28.1-win32-x64\jre\17.0.10-win32-x86_64\bin\management.dll
0x00007ffd72790000 - 0x00007ffd7279b000 	C:\Users\Leevi\.vscode\extensions\redhat.java-1.28.1-win32-x64\jre\17.0.10-win32-x86_64\bin\management_ext.dll
0x00007ffd80a40000 - 0x00007ffd80a48000 	C:\WINDOWS\System32\PSAPI.DLL
0x00007ffd71f70000 - 0x00007ffd71f7e000 	C:\Users\Leevi\.vscode\extensions\redhat.java-1.28.1-win32-x64\jre\17.0.10-win32-x86_64\bin\sunmscapi.dll
0x00007ffd7ea80000 - 0x00007ffd7ebdd000 	C:\WINDOWS\System32\CRYPT32.dll
0x00007ffd7de10000 - 0x00007ffd7de37000 	C:\WINDOWS\SYSTEM32\ncrypt.dll
0x00007ffd7ddd0000 - 0x00007ffd7de0b000 	C:\WINDOWS\SYSTEM32\NTASN1.dll
0x00007ffd6f6c0000 - 0x00007ffd6f6ca000 	C:\Windows\System32\rasadhlp.dll
0x00007ffd6f700000 - 0x00007ffd6f780000 	C:\WINDOWS\System32\fwpuclnt.dll
0x00007ffd62e90000 - 0x00007ffd62e99000 	C:\Users\Leevi\.vscode\extensions\redhat.java-1.28.1-win32-x64\jre\17.0.10-win32-x86_64\bin\extnet.dll

dbghelp: loaded successfully - version: 4.0.5 - missing functions: none
symbol engine: initialized successfully - sym options: 0x614 - pdb path: .;c:\Users\Leevi\.vscode\extensions\redhat.java-1.28.1-win32-x64\jre\17.0.10-win32-x86_64\bin;C:\WINDOWS\SYSTEM32;C:\WINDOWS\WinSxS\amd64_microsoft.windows.common-controls_6595b64144ccf1df_6.0.19041.3636_none_60b6a03d71f818d5;c:\Users\Leevi\.vscode\extensions\redhat.java-1.28.1-win32-x64\jre\17.0.10-win32-x86_64\bin\server

VM Arguments:
jvm_args: -XX:+HeapDumpOnOutOfMemoryError -Xmx1024m -Dsts.lsp.client=vscode -Dsts.log.file=/dev/null -XX:TieredStopAtLevel=1 -Xlog:jni+resolve=off -Dspring.config.location=file:c:\Users\Leevi\.vscode\extensions\vmware.vscode-spring-boot-1.53.0\language-server\BOOT-INF\classes\application.properties 
java_command: org.springframework.ide.vscode.boot.app.BootLanguageServerBootApp
java_class_path (initial): c:\Users\Leevi\.vscode\extensions\vmware.vscode-spring-boot-1.53.0\language-server\BOOT-INF\classes;c:\Users\Leevi\.vscode\extensions\vmware.vscode-spring-boot-1.53.0\language-server\BOOT-INF\lib\annotations-24.1.0.jar;c:\Users\Leevi\.vscode\extensions\vmware.vscode-spring-boot-1.53.0\language-server\BOOT-INF\lib\antlr4-runtime-4.11.1.jar;c:\Users\Leevi\.vscode\extensions\vmware.vscode-spring-boot-1.53.0\language-server\BOOT-INF\lib\asm-9.6.jar;c:\Users\Leevi\.vscode\extensions\vmware.vscode-spring-boot-1.53.0\language-server\BOOT-INF\lib\asm-analysis-9.6.jar;c:\Users\Leevi\.vscode\extensions\vmware.vscode-spring-boot-1.53.0\language-server\BOOT-INF\lib\asm-tree-9.6.jar;c:\Users\Leevi\.vscode\extensions\vmware.vscode-spring-boot-1.53.0\language-server\BOOT-INF\lib\asm-util-9.6.jar;c:\Users\Leevi\.vscode\extensions\vmware.vscode-spring-boot-1.53.0\language-server\BOOT-INF\lib\caffeine-3.1.8.jar;c:\Users\Leevi\.vscode\extensions\vmware.vscode-spring-boot-1.53.0\language-server\BOOT-INF\lib\checker-qual-3.12.0.jar;c:\Users\Leevi\.vscode\extensions\vmware.vscode-spring-boot-1.53.0\language-server\BOOT-INF\lib\classgraph-4.8.149.jar;c:\Users\Leevi\.vscode\extensions\vmware.vscode-spring-boot-1.53.0\language-server\BOOT-INF\lib\commons-codec-1.16.1.jar;c:\Users\Leevi\.vscode\extensions\vmware.vscode-spring-boot-1.53.0\language-server\BOOT-INF\lib\commons-compress-1.26.0.jar;c:\Users\Leevi\.vscode\extensions\vmware.vscode-spring-boot-1.53.0\language-server\BOOT-INF\lib\commons-io-2.4.jar;c:\Users\Leevi\.vscode\extensions\vmware.vscode-spring-boot-1.53.0\language-server\BOOT-INF\lib\commons-java-1.53.0-SNAPSHOT.jar;c:\Users\Leevi\.vscode\extensions\vmware.vscode-spring-boot-1.53.0\language-server\BOOT-INF\lib\commons-lang3-3.13.0.jar;c:\Users\Leevi\.vscode\extensions\vmware.vscode-spring-boot-1.53.0\language-server\BOOT-INF\lib\commons-language-server-1.53.0-SNAPSHOT.jar;c:\Users\Leevi\.vscode\extensions\vmware.vscode-spring-boot-1.53.0\language
Launcher Type: SUN_STANDARD

[Global flags]
     intx CICompilerCount                          = 4                                         {product} {ergonomic}
     uint ConcGCThreads                            = 2                                         {product} {ergonomic}
     uint G1ConcRefinementThreads                  = 8                                         {product} {ergonomic}
   size_t G1HeapRegionSize                         = 1048576                                   {product} {ergonomic}
    uintx GCDrainStackTargetSize                   = 64                                        {product} {ergonomic}
     bool HeapDumpOnOutOfMemoryError               = true                                   {manageable} {command line}
   size_t InitialHeapSize                          = 117440512                                 {product} {ergonomic}
   size_t MarkStackSize                            = 4194304                                   {product} {ergonomic}
   size_t MaxHeapSize                              = 1073741824                                {product} {command line}
   size_t MaxNewSize                               = 643825664                                 {product} {ergonomic}
   size_t MinHeapDeltaBytes                        = 1048576                                   {product} {ergonomic}
   size_t MinHeapSize                              = 8388608                                   {product} {ergonomic}
    uintx NonProfiledCodeHeapSize                  = 0                                      {pd product} {ergonomic}
     bool ProfileInterpreter                       = false                                  {pd product} {command line}
    uintx ProfiledCodeHeapSize                     = 0                                      {pd product} {ergonomic}
   size_t SoftMaxHeapSize                          = 1073741824                             {manageable} {ergonomic}
     intx TieredStopAtLevel                        = 1                                         {product} {command line}
     bool UseCompressedClassPointers               = true                           {product lp64_product} {ergonomic}
     bool UseCompressedOops                        = true                           {product lp64_product} {ergonomic}
     bool UseG1GC                                  = true                                      {product} {ergonomic}
     bool UseLargePagesIndividualAllocation        = false                                  {pd product} {ergonomic}

Logging:
Log output configuration:
 #0: stdout all=warning,jni+resolve=off uptime,level,tags
 #1: stderr all=off uptime,level,tags

Environment Variables:
JAVA_HOME=C:\Users\Leevi\AppData\Local\Programs\Eclipse Adoptium\jdk-17.0.8.101-hotspot\
PATH=C:\Program Files (x86)\NVIDIA Corporation\PhysX\Common;C:\WINDOWS\system32;C:\WINDOWS;C:\WINDOWS\System32\Wbem;C:\WINDOWS\System32\WindowsPowerShell\v1.0\;C:\WINDOWS\System32\OpenSSH\;C:\Program Files\Git\cmd;C:\Program Files\nodejs\;C:\Program Files\PuTTY\;C:\Users\Leevi\AppData\Local\Programs\Eclipse Adoptium\jdk-17.0.8.101-hotspot\bin;C:\Users\Leevi\AppData\Local\Microsoft\WindowsApps;;C:\Users\Leevi\AppData\Local\Programs\Microsoft VS Code\bin;C:\Users\Leevi\AppData\Roaming\npm
USERNAME=Leevi
OS=Windows_NT
PROCESSOR_IDENTIFIER=AMD64 Family 23 Model 17 Stepping 0, AuthenticAMD
TMP=C:\Users\Leevi\AppData\Local\Temp
TEMP=C:\Users\Leevi\AppData\Local\Temp



Periodic native trim disabled


---------------  S Y S T E M  ---------------

OS:
 Windows 10 , 64 bit Build 19041 (10.0.19041.3636)
OS uptime: 27 days 22:49 hours

CPU: total 8 (initial active 8) (8 cores per cpu, 2 threads per core) family 23 model 17 stepping 0 microcode 0x0, cx8, cmov, fxsr, ht, mmx, 3dnowpref, sse, sse2, sse3, ssse3, sse4a, sse4.1, sse4.2, popcnt, lzcnt, tsc, tscinvbit, avx, avx2, aes, clmul, bmi1, bmi2, adx, sha, fma, vzeroupper, clflush, clflushopt
Processor Information for all 8 processors :
  Max Mhz: 2000, Current Mhz: 2000, Mhz Limit: 2000

Memory: 4k page, system-wide physical 7123M (622M free)
TotalPageFile size 8909M (AvailPageFile size 10M)
current process WorkingSet (physical memory assigned to process): 235M, peak: 241M
current process commit charge ("private bytes"): 270M, peak: 287M

vm_info: OpenJDK 64-Bit Server VM (17.0.10+7) for windows-amd64 JRE (17.0.10+7), built on Jan 16 2024 23:25:11 by "admin" with MS VC++ 16.10 / 16.11 (VS2019)

END.
